2024-05-26 13:54:12,003 INFO    StreamThr :137366 [internal.py:wandb_internal():85] W&B internal server running at pid: 137366, started at: 2024-05-26 13:54:12.002922
2024-05-26 13:54:12,005 DEBUG   HandlerThread:137366 [handler.py:handle_request():158] handle_request: status
2024-05-26 13:54:12,016 INFO    WriterThread:137366 [datastore.py:open_for_write():87] open: /home/inaki/host_data/wandb/run-20240526_135411-qjvw6bv3/run-qjvw6bv3.wandb
2024-05-26 13:54:12,017 DEBUG   SenderThread:137366 [sender.py:send():378] send: header
2024-05-26 13:54:12,018 DEBUG   SenderThread:137366 [sender.py:send():378] send: run
2024-05-26 13:54:12,423 INFO    SenderThread:137366 [dir_watcher.py:__init__():211] watching files in: /home/inaki/host_data/wandb/run-20240526_135411-qjvw6bv3/files
2024-05-26 13:54:12,424 INFO    SenderThread:137366 [sender.py:_start_run_threads():1123] run started: qjvw6bv3 with start time 1716731652.003381
2024-05-26 13:54:12,438 DEBUG   HandlerThread:137366 [handler.py:handle_request():158] handle_request: check_version
2024-05-26 13:54:12,439 DEBUG   SenderThread:137366 [sender.py:send_request():405] send_request: check_version
2024-05-26 13:54:12,749 DEBUG   HandlerThread:137366 [handler.py:handle_request():158] handle_request: run_start
2024-05-26 13:54:12,781 DEBUG   HandlerThread:137366 [system_info.py:__init__():26] System info init
2024-05-26 13:54:12,781 DEBUG   HandlerThread:137366 [system_info.py:__init__():41] System info init done
2024-05-26 13:54:12,781 INFO    HandlerThread:137366 [system_monitor.py:start():194] Starting system monitor
2024-05-26 13:54:12,781 INFO    SystemMonitor:137366 [system_monitor.py:_start():158] Starting system asset monitoring threads
2024-05-26 13:54:12,781 INFO    HandlerThread:137366 [system_monitor.py:probe():214] Collecting system info
2024-05-26 13:54:12,782 INFO    SystemMonitor:137366 [interfaces.py:start():188] Started cpu monitoring
2024-05-26 13:54:12,783 INFO    SystemMonitor:137366 [interfaces.py:start():188] Started disk monitoring
2024-05-26 13:54:12,784 INFO    SystemMonitor:137366 [interfaces.py:start():188] Started gpu monitoring
2024-05-26 13:54:12,784 INFO    SystemMonitor:137366 [interfaces.py:start():188] Started memory monitoring
2024-05-26 13:54:12,785 INFO    SystemMonitor:137366 [interfaces.py:start():188] Started network monitoring
2024-05-26 13:54:12,809 DEBUG   HandlerThread:137366 [system_info.py:probe():150] Probing system
2024-05-26 13:54:12,809 DEBUG   HandlerThread:137366 [system_info.py:probe():198] Probing system done
2024-05-26 13:54:12,809 DEBUG   HandlerThread:137366 [system_monitor.py:probe():223] {'os': 'Linux-5.15.0-107-generic-x86_64-with-glibc2.35', 'python': '3.10.12', 'heartbeatAt': '2024-05-26T13:54:12.809164', 'startedAt': '2024-05-26T13:54:11.993132', 'docker': None, 'cuda': None, 'args': (), 'state': 'running', 'program': 'host_data/tfm-conspiracy.ipynb', 'codePathLocal': None, 'root': '/home/inaki', 'host': '4beca5ee65b3', 'username': 'inaki', 'executable': '/usr/bin/python3', 'cpu_count': 16, 'cpu_count_logical': 16, 'cpu_freq': {'current': 1894.0986875, 'min': 0.0, 'max': 0.0}, 'cpu_freq_per_core': [{'current': 1900.0, 'min': 0.0, 'max': 0.0}, {'current': 1900.0, 'min': 0.0, 'max': 0.0}, {'current': 1900.0, 'min': 0.0, 'max': 0.0}, {'current': 1900.0, 'min': 0.0, 'max': 0.0}, {'current': 1900.0, 'min': 0.0, 'max': 0.0}, {'current': 1900.0, 'min': 0.0, 'max': 0.0}, {'current': 1900.0, 'min': 0.0, 'max': 0.0}, {'current': 1900.0, 'min': 0.0, 'max': 0.0}, {'current': 1900.0, 'min': 0.0, 'max': 0.0}, {'current': 1900.0, 'min': 0.0, 'max': 0.0}, {'current': 1900.0, 'min': 0.0, 'max': 0.0}, {'current': 1805.561, 'min': 0.0, 'max': 0.0}, {'current': 1900.0, 'min': 0.0, 'max': 0.0}, {'current': 1900.018, 'min': 0.0, 'max': 0.0}, {'current': 1900.0, 'min': 0.0, 'max': 0.0}, {'current': 1900.0, 'min': 0.0, 'max': 0.0}], 'disk': {'/': {'total': 9162.57678604126, 'used': 1167.5556945800781}}, 'gpu': 'Quadro RTX 8000', 'gpu_count': 2, 'gpu_devices': [{'name': 'Quadro RTX 8000', 'memory_total': 51539607552}, {'name': 'Quadro RTX 8000', 'memory_total': 51539607552}], 'memory': {'total': 251.54454803466797}}
2024-05-26 13:54:12,809 INFO    HandlerThread:137366 [system_monitor.py:probe():224] Finished collecting system info
2024-05-26 13:54:12,809 INFO    HandlerThread:137366 [system_monitor.py:probe():227] Publishing system info
2024-05-26 13:54:12,810 INFO    HandlerThread:137366 [system_monitor.py:probe():229] Finished publishing system info
2024-05-26 13:54:12,812 DEBUG   SenderThread:137366 [sender.py:send():378] send: files
2024-05-26 13:54:12,812 INFO    SenderThread:137366 [sender.py:_save_file():1389] saving file wandb-metadata.json with policy now
2024-05-26 13:54:13,070 DEBUG   HandlerThread:137366 [handler.py:handle_request():158] handle_request: python_packages
2024-05-26 13:54:13,070 DEBUG   SenderThread:137366 [sender.py:send_request():405] send_request: python_packages
2024-05-26 13:54:13,070 DEBUG   HandlerThread:137366 [handler.py:handle_request():158] handle_request: stop_status
2024-05-26 13:54:13,071 DEBUG   SenderThread:137366 [sender.py:send_request():405] send_request: stop_status
2024-05-26 13:54:13,315 DEBUG   SenderThread:137366 [sender.py:send():378] send: telemetry
2024-05-26 13:54:13,381 INFO    wandb-upload_0:137366 [upload_job.py:push():130] Uploaded file /tmp/tmptjbwwutwwandb/7pqudkob-wandb-metadata.json
2024-05-26 13:54:13,426 INFO    Thread-12 :137366 [dir_watcher.py:_on_file_created():271] file/dir created: /home/inaki/host_data/wandb/run-20240526_135411-qjvw6bv3/files/requirements.txt
2024-05-26 13:54:13,426 INFO    Thread-12 :137366 [dir_watcher.py:_on_file_created():271] file/dir created: /home/inaki/host_data/wandb/run-20240526_135411-qjvw6bv3/files/output.log
2024-05-26 13:54:13,427 INFO    Thread-12 :137366 [dir_watcher.py:_on_file_created():271] file/dir created: /home/inaki/host_data/wandb/run-20240526_135411-qjvw6bv3/files/wandb-metadata.json
2024-05-26 13:54:15,425 INFO    Thread-12 :137366 [dir_watcher.py:_on_file_modified():288] file/dir modified: /home/inaki/host_data/wandb/run-20240526_135411-qjvw6bv3/files/output.log
2024-05-26 13:54:17,318 DEBUG   HandlerThread:137366 [handler.py:handle_request():158] handle_request: status_report
2024-05-26 13:54:22,318 DEBUG   HandlerThread:137366 [handler.py:handle_request():158] handle_request: status_report
2024-05-26 13:54:27,319 DEBUG   HandlerThread:137366 [handler.py:handle_request():158] handle_request: status_report
2024-05-26 13:54:28,071 DEBUG   HandlerThread:137366 [handler.py:handle_request():158] handle_request: stop_status
2024-05-26 13:54:28,072 DEBUG   SenderThread:137366 [sender.py:send_request():405] send_request: stop_status
2024-05-26 13:54:33,234 DEBUG   HandlerThread:137366 [handler.py:handle_request():158] handle_request: status_report
2024-05-26 13:54:38,234 DEBUG   HandlerThread:137366 [handler.py:handle_request():158] handle_request: status_report
2024-05-26 13:54:43,071 DEBUG   HandlerThread:137366 [handler.py:handle_request():158] handle_request: stop_status
2024-05-26 13:54:43,072 DEBUG   SenderThread:137366 [sender.py:send_request():405] send_request: stop_status
2024-05-26 13:54:43,276 DEBUG   HandlerThread:137366 [handler.py:handle_request():158] handle_request: status_report
2024-05-26 13:54:44,435 INFO    Thread-12 :137366 [dir_watcher.py:_on_file_modified():288] file/dir modified: /home/inaki/host_data/wandb/run-20240526_135411-qjvw6bv3/files/config.yaml
2024-05-26 13:54:48,436 DEBUG   HandlerThread:137366 [handler.py:handle_request():158] handle_request: status_report
2024-05-26 13:54:53,437 DEBUG   HandlerThread:137366 [handler.py:handle_request():158] handle_request: status_report
2024-05-26 13:54:58,071 DEBUG   HandlerThread:137366 [handler.py:handle_request():158] handle_request: stop_status
2024-05-26 13:54:58,072 DEBUG   SenderThread:137366 [sender.py:send_request():405] send_request: stop_status
2024-05-26 13:54:59,263 DEBUG   HandlerThread:137366 [handler.py:handle_request():158] handle_request: status_report
2024-05-26 13:55:04,264 DEBUG   HandlerThread:137366 [handler.py:handle_request():158] handle_request: status_report
2024-05-26 13:55:09,265 DEBUG   HandlerThread:137366 [handler.py:handle_request():158] handle_request: status_report
2024-05-26 13:55:12,786 DEBUG   SystemMonitor:137366 [system_monitor.py:_start():172] Starting system metrics aggregation loop
2024-05-26 13:55:12,787 DEBUG   SenderThread:137366 [sender.py:send():378] send: stats
2024-05-26 13:55:13,071 DEBUG   HandlerThread:137366 [handler.py:handle_request():158] handle_request: stop_status
2024-05-26 13:55:13,072 DEBUG   SenderThread:137366 [sender.py:send_request():405] send_request: stop_status
2024-05-26 13:55:14,296 DEBUG   HandlerThread:137366 [handler.py:handle_request():158] handle_request: status_report
2024-05-26 13:55:19,296 DEBUG   HandlerThread:137366 [handler.py:handle_request():158] handle_request: status_report
2024-05-26 13:55:24,297 DEBUG   HandlerThread:137366 [handler.py:handle_request():158] handle_request: status_report
2024-05-26 13:55:28,072 DEBUG   HandlerThread:137366 [handler.py:handle_request():158] handle_request: stop_status
2024-05-26 13:55:28,073 DEBUG   SenderThread:137366 [sender.py:send_request():405] send_request: stop_status
2024-05-26 13:55:29,322 DEBUG   HandlerThread:137366 [handler.py:handle_request():158] handle_request: status_report
2024-05-26 13:55:29,451 INFO    Thread-12 :137366 [dir_watcher.py:_on_file_modified():288] file/dir modified: /home/inaki/host_data/wandb/run-20240526_135411-qjvw6bv3/files/output.log
2024-05-26 13:55:34,948 DEBUG   HandlerThread:137366 [handler.py:handle_request():158] handle_request: status_report
2024-05-26 13:55:35,453 INFO    Thread-12 :137366 [dir_watcher.py:_on_file_modified():288] file/dir modified: /home/inaki/host_data/wandb/run-20240526_135411-qjvw6bv3/files/output.log
2024-05-26 13:55:39,949 DEBUG   HandlerThread:137366 [handler.py:handle_request():158] handle_request: status_report
2024-05-26 13:55:42,788 DEBUG   SenderThread:137366 [sender.py:send():378] send: stats
2024-05-26 13:55:43,072 DEBUG   HandlerThread:137366 [handler.py:handle_request():158] handle_request: stop_status
2024-05-26 13:55:43,073 DEBUG   SenderThread:137366 [sender.py:send_request():405] send_request: stop_status
2024-05-26 13:55:45,321 DEBUG   HandlerThread:137366 [handler.py:handle_request():158] handle_request: status_report
2024-05-26 13:55:50,322 DEBUG   HandlerThread:137366 [handler.py:handle_request():158] handle_request: status_report
2024-05-26 13:55:55,322 DEBUG   HandlerThread:137366 [handler.py:handle_request():158] handle_request: status_report
2024-05-26 13:55:58,072 DEBUG   HandlerThread:137366 [handler.py:handle_request():158] handle_request: stop_status
2024-05-26 13:55:58,073 DEBUG   SenderThread:137366 [sender.py:send_request():405] send_request: stop_status
2024-05-26 13:56:01,270 DEBUG   HandlerThread:137366 [handler.py:handle_request():158] handle_request: status_report
2024-05-26 13:56:06,271 DEBUG   HandlerThread:137366 [handler.py:handle_request():158] handle_request: status_report
2024-05-26 13:56:11,271 DEBUG   HandlerThread:137366 [handler.py:handle_request():158] handle_request: status_report
2024-05-26 13:56:12,789 DEBUG   SenderThread:137366 [sender.py:send():378] send: stats
2024-05-26 13:56:13,074 DEBUG   HandlerThread:137366 [handler.py:handle_request():158] handle_request: stop_status
2024-05-26 13:56:13,074 DEBUG   SenderThread:137366 [sender.py:send_request():405] send_request: stop_status
2024-05-26 13:56:17,261 DEBUG   HandlerThread:137366 [handler.py:handle_request():158] handle_request: status_report
2024-05-26 13:56:22,262 DEBUG   HandlerThread:137366 [handler.py:handle_request():158] handle_request: status_report
2024-05-26 13:56:27,263 DEBUG   HandlerThread:137366 [handler.py:handle_request():158] handle_request: status_report
2024-05-26 13:56:28,073 DEBUG   HandlerThread:137366 [handler.py:handle_request():158] handle_request: stop_status
2024-05-26 13:56:28,073 DEBUG   SenderThread:137366 [sender.py:send_request():405] send_request: stop_status
2024-05-26 13:56:32,287 DEBUG   HandlerThread:137366 [handler.py:handle_request():158] handle_request: status_report
2024-05-26 13:56:37,287 DEBUG   HandlerThread:137366 [handler.py:handle_request():158] handle_request: status_report
2024-05-26 13:56:42,288 DEBUG   HandlerThread:137366 [handler.py:handle_request():158] handle_request: status_report
2024-05-26 13:56:42,790 DEBUG   SenderThread:137366 [sender.py:send():378] send: stats
2024-05-26 13:56:43,073 DEBUG   HandlerThread:137366 [handler.py:handle_request():158] handle_request: stop_status
2024-05-26 13:56:43,074 DEBUG   SenderThread:137366 [sender.py:send_request():405] send_request: stop_status
2024-05-26 13:56:48,239 DEBUG   HandlerThread:137366 [handler.py:handle_request():158] handle_request: status_report
2024-05-26 13:56:53,240 DEBUG   HandlerThread:137366 [handler.py:handle_request():158] handle_request: status_report
2024-05-26 13:56:58,073 DEBUG   HandlerThread:137366 [handler.py:handle_request():158] handle_request: stop_status
2024-05-26 13:56:58,074 DEBUG   SenderThread:137366 [sender.py:send_request():405] send_request: stop_status
2024-05-26 13:56:58,266 DEBUG   HandlerThread:137366 [handler.py:handle_request():158] handle_request: status_report
2024-05-26 13:57:03,267 DEBUG   HandlerThread:137366 [handler.py:handle_request():158] handle_request: status_report
2024-05-26 13:57:08,268 DEBUG   HandlerThread:137366 [handler.py:handle_request():158] handle_request: status_report
2024-05-26 13:57:12,791 DEBUG   SenderThread:137366 [sender.py:send():378] send: stats
2024-05-26 13:57:13,073 DEBUG   HandlerThread:137366 [handler.py:handle_request():158] handle_request: stop_status
2024-05-26 13:57:13,074 DEBUG   SenderThread:137366 [sender.py:send_request():405] send_request: stop_status
2024-05-26 13:57:13,282 DEBUG   HandlerThread:137366 [handler.py:handle_request():158] handle_request: status_report
2024-05-26 13:57:18,283 DEBUG   HandlerThread:137366 [handler.py:handle_request():158] handle_request: status_report
2024-05-26 13:57:23,284 DEBUG   HandlerThread:137366 [handler.py:handle_request():158] handle_request: status_report
2024-05-26 13:57:28,073 DEBUG   HandlerThread:137366 [handler.py:handle_request():158] handle_request: stop_status
2024-05-26 13:57:28,074 DEBUG   SenderThread:137366 [sender.py:send_request():405] send_request: stop_status
2024-05-26 13:57:29,280 DEBUG   HandlerThread:137366 [handler.py:handle_request():158] handle_request: status_report
2024-05-26 13:57:34,281 DEBUG   HandlerThread:137366 [handler.py:handle_request():158] handle_request: status_report
2024-05-26 13:57:39,282 DEBUG   HandlerThread:137366 [handler.py:handle_request():158] handle_request: status_report
2024-05-26 13:57:42,792 DEBUG   SenderThread:137366 [sender.py:send():378] send: stats
2024-05-26 13:57:43,074 DEBUG   HandlerThread:137366 [handler.py:handle_request():158] handle_request: stop_status
2024-05-26 13:57:43,074 DEBUG   SenderThread:137366 [sender.py:send_request():405] send_request: stop_status
2024-05-26 13:57:44,316 DEBUG   HandlerThread:137366 [handler.py:handle_request():158] handle_request: status_report
2024-05-26 13:57:49,318 DEBUG   HandlerThread:137366 [handler.py:handle_request():158] handle_request: status_report
2024-05-26 13:57:54,319 DEBUG   HandlerThread:137366 [handler.py:handle_request():158] handle_request: status_report
2024-05-26 13:57:58,074 DEBUG   HandlerThread:137366 [handler.py:handle_request():158] handle_request: stop_status
2024-05-26 13:57:58,075 DEBUG   SenderThread:137366 [sender.py:send_request():405] send_request: stop_status
2024-05-26 13:57:59,326 DEBUG   HandlerThread:137366 [handler.py:handle_request():158] handle_request: status_report
2024-05-26 13:58:04,327 DEBUG   HandlerThread:137366 [handler.py:handle_request():158] handle_request: status_report
2024-05-26 13:58:09,328 DEBUG   HandlerThread:137366 [handler.py:handle_request():158] handle_request: status_report
2024-05-26 13:58:12,793 DEBUG   SenderThread:137366 [sender.py:send():378] send: stats
2024-05-26 13:58:13,074 DEBUG   HandlerThread:137366 [handler.py:handle_request():158] handle_request: stop_status
2024-05-26 13:58:13,074 DEBUG   SenderThread:137366 [sender.py:send_request():405] send_request: stop_status
2024-05-26 13:58:15,290 DEBUG   HandlerThread:137366 [handler.py:handle_request():158] handle_request: status_report
2024-05-26 13:58:20,291 DEBUG   HandlerThread:137366 [handler.py:handle_request():158] handle_request: status_report
2024-05-26 13:58:25,291 DEBUG   HandlerThread:137366 [handler.py:handle_request():158] handle_request: status_report
2024-05-26 13:58:28,074 DEBUG   HandlerThread:137366 [handler.py:handle_request():158] handle_request: stop_status
2024-05-26 13:58:28,074 DEBUG   SenderThread:137366 [sender.py:send_request():405] send_request: stop_status
2024-05-26 13:58:31,215 DEBUG   HandlerThread:137366 [handler.py:handle_request():158] handle_request: status_report
2024-05-26 13:58:36,216 DEBUG   HandlerThread:137366 [handler.py:handle_request():158] handle_request: status_report
2024-05-26 13:58:41,217 DEBUG   HandlerThread:137366 [handler.py:handle_request():158] handle_request: status_report
2024-05-26 13:58:42,794 DEBUG   SenderThread:137366 [sender.py:send():378] send: stats
2024-05-26 13:58:43,074 DEBUG   HandlerThread:137366 [handler.py:handle_request():158] handle_request: stop_status
2024-05-26 13:58:43,075 DEBUG   SenderThread:137366 [sender.py:send_request():405] send_request: stop_status
2024-05-26 13:58:46,261 DEBUG   HandlerThread:137366 [handler.py:handle_request():158] handle_request: status_report
2024-05-26 13:58:51,262 DEBUG   HandlerThread:137366 [handler.py:handle_request():158] handle_request: status_report
2024-05-26 13:58:56,262 DEBUG   HandlerThread:137366 [handler.py:handle_request():158] handle_request: status_report
2024-05-26 13:58:58,074 DEBUG   HandlerThread:137366 [handler.py:handle_request():158] handle_request: stop_status
2024-05-26 13:58:58,075 DEBUG   SenderThread:137366 [sender.py:send_request():405] send_request: stop_status
2024-05-26 13:59:01,293 DEBUG   HandlerThread:137366 [handler.py:handle_request():158] handle_request: status_report
2024-05-26 13:59:06,293 DEBUG   HandlerThread:137366 [handler.py:handle_request():158] handle_request: status_report
2024-05-26 13:59:11,294 DEBUG   HandlerThread:137366 [handler.py:handle_request():158] handle_request: status_report
2024-05-26 13:59:12,795 DEBUG   SenderThread:137366 [sender.py:send():378] send: stats
2024-05-26 13:59:13,075 DEBUG   HandlerThread:137366 [handler.py:handle_request():158] handle_request: stop_status
2024-05-26 13:59:13,075 DEBUG   SenderThread:137366 [sender.py:send_request():405] send_request: stop_status
2024-05-26 13:59:17,219 DEBUG   HandlerThread:137366 [handler.py:handle_request():158] handle_request: status_report
2024-05-26 13:59:22,220 DEBUG   HandlerThread:137366 [handler.py:handle_request():158] handle_request: status_report
2024-05-26 13:59:27,221 DEBUG   HandlerThread:137366 [handler.py:handle_request():158] handle_request: status_report
2024-05-26 13:59:28,075 DEBUG   HandlerThread:137366 [handler.py:handle_request():158] handle_request: stop_status
2024-05-26 13:59:28,075 DEBUG   SenderThread:137366 [sender.py:send_request():405] send_request: stop_status
2024-05-26 13:59:32,280 DEBUG   HandlerThread:137366 [handler.py:handle_request():158] handle_request: status_report
2024-05-26 13:59:37,281 DEBUG   HandlerThread:137366 [handler.py:handle_request():158] handle_request: status_report
2024-05-26 13:59:42,282 DEBUG   HandlerThread:137366 [handler.py:handle_request():158] handle_request: status_report
2024-05-26 13:59:42,796 DEBUG   SenderThread:137366 [sender.py:send():378] send: stats
2024-05-26 13:59:43,075 DEBUG   HandlerThread:137366 [handler.py:handle_request():158] handle_request: stop_status
2024-05-26 13:59:43,075 DEBUG   SenderThread:137366 [sender.py:send_request():405] send_request: stop_status
2024-05-26 13:59:47,286 DEBUG   HandlerThread:137366 [handler.py:handle_request():158] handle_request: status_report
2024-05-26 13:59:52,287 DEBUG   HandlerThread:137366 [handler.py:handle_request():158] handle_request: status_report
2024-05-26 13:59:57,287 DEBUG   HandlerThread:137366 [handler.py:handle_request():158] handle_request: status_report
2024-05-26 13:59:58,075 DEBUG   HandlerThread:137366 [handler.py:handle_request():158] handle_request: stop_status
2024-05-26 13:59:58,075 DEBUG   SenderThread:137366 [sender.py:send_request():405] send_request: stop_status
2024-05-26 14:00:03,273 DEBUG   HandlerThread:137366 [handler.py:handle_request():158] handle_request: status_report
2024-05-26 14:00:08,274 DEBUG   HandlerThread:137366 [handler.py:handle_request():158] handle_request: status_report
2024-05-26 14:00:12,797 DEBUG   SenderThread:137366 [sender.py:send():378] send: stats
2024-05-26 14:00:13,075 DEBUG   HandlerThread:137366 [handler.py:handle_request():158] handle_request: stop_status
2024-05-26 14:00:13,076 DEBUG   SenderThread:137366 [sender.py:send_request():405] send_request: stop_status
2024-05-26 14:00:13,299 DEBUG   HandlerThread:137366 [handler.py:handle_request():158] handle_request: status_report
2024-05-26 14:00:18,300 DEBUG   HandlerThread:137366 [handler.py:handle_request():158] handle_request: status_report
2024-05-26 14:00:23,301 DEBUG   HandlerThread:137366 [handler.py:handle_request():158] handle_request: status_report
2024-05-26 14:00:28,075 DEBUG   HandlerThread:137366 [handler.py:handle_request():158] handle_request: stop_status
2024-05-26 14:00:28,079 DEBUG   SenderThread:137366 [sender.py:send_request():405] send_request: stop_status
2024-05-26 14:00:28,334 DEBUG   HandlerThread:137366 [handler.py:handle_request():158] handle_request: status_report
2024-05-26 14:00:33,335 DEBUG   HandlerThread:137366 [handler.py:handle_request():158] handle_request: status_report
2024-05-26 14:00:38,335 DEBUG   HandlerThread:137366 [handler.py:handle_request():158] handle_request: status_report
2024-05-26 14:00:42,798 DEBUG   SenderThread:137366 [sender.py:send():378] send: stats
2024-05-26 14:00:43,075 DEBUG   HandlerThread:137366 [handler.py:handle_request():158] handle_request: stop_status
2024-05-26 14:00:43,076 DEBUG   SenderThread:137366 [sender.py:send_request():405] send_request: stop_status
2024-05-26 14:00:44,233 DEBUG   HandlerThread:137366 [handler.py:handle_request():158] handle_request: status_report
2024-05-26 14:00:49,234 DEBUG   HandlerThread:137366 [handler.py:handle_request():158] handle_request: status_report
2024-05-26 14:00:54,235 DEBUG   HandlerThread:137366 [handler.py:handle_request():158] handle_request: status_report
2024-05-26 14:00:58,075 DEBUG   HandlerThread:137366 [handler.py:handle_request():158] handle_request: stop_status
2024-05-26 14:00:58,076 DEBUG   SenderThread:137366 [sender.py:send_request():405] send_request: stop_status
2024-05-26 14:00:59,288 DEBUG   HandlerThread:137366 [handler.py:handle_request():158] handle_request: status_report
2024-05-26 14:01:04,288 DEBUG   HandlerThread:137366 [handler.py:handle_request():158] handle_request: status_report
2024-05-26 14:01:09,289 DEBUG   HandlerThread:137366 [handler.py:handle_request():158] handle_request: status_report
2024-05-26 14:01:12,799 DEBUG   SenderThread:137366 [sender.py:send():378] send: stats
2024-05-26 14:01:13,076 DEBUG   HandlerThread:137366 [handler.py:handle_request():158] handle_request: stop_status
2024-05-26 14:01:13,076 DEBUG   SenderThread:137366 [sender.py:send_request():405] send_request: stop_status
2024-05-26 14:01:14,292 DEBUG   HandlerThread:137366 [handler.py:handle_request():158] handle_request: status_report
2024-05-26 14:01:19,293 DEBUG   HandlerThread:137366 [handler.py:handle_request():158] handle_request: status_report
2024-05-26 14:01:24,294 DEBUG   HandlerThread:137366 [handler.py:handle_request():158] handle_request: status_report
2024-05-26 14:01:28,076 DEBUG   HandlerThread:137366 [handler.py:handle_request():158] handle_request: stop_status
2024-05-26 14:01:28,076 DEBUG   SenderThread:137366 [sender.py:send_request():405] send_request: stop_status
2024-05-26 14:01:30,266 DEBUG   HandlerThread:137366 [handler.py:handle_request():158] handle_request: status_report
2024-05-26 14:01:35,280 DEBUG   HandlerThread:137366 [handler.py:handle_request():158] handle_request: status_report
2024-05-26 14:01:40,281 DEBUG   HandlerThread:137366 [handler.py:handle_request():158] handle_request: status_report
2024-05-26 14:01:42,800 DEBUG   SenderThread:137366 [sender.py:send():378] send: stats
2024-05-26 14:01:43,076 DEBUG   HandlerThread:137366 [handler.py:handle_request():158] handle_request: stop_status
2024-05-26 14:01:43,077 DEBUG   SenderThread:137366 [sender.py:send_request():405] send_request: stop_status
2024-05-26 14:01:45,342 DEBUG   HandlerThread:137366 [handler.py:handle_request():158] handle_request: status_report
2024-05-26 14:01:50,346 DEBUG   HandlerThread:137366 [handler.py:handle_request():158] handle_request: status_report
2024-05-26 14:01:55,346 DEBUG   HandlerThread:137366 [handler.py:handle_request():158] handle_request: status_report
2024-05-26 14:01:58,076 DEBUG   HandlerThread:137366 [handler.py:handle_request():158] handle_request: stop_status
2024-05-26 14:01:58,077 DEBUG   SenderThread:137366 [sender.py:send_request():405] send_request: stop_status
2024-05-26 14:02:01,346 DEBUG   HandlerThread:137366 [handler.py:handle_request():158] handle_request: status_report
2024-05-26 14:02:06,354 DEBUG   HandlerThread:137366 [handler.py:handle_request():158] handle_request: status_report
2024-05-26 14:02:11,355 DEBUG   HandlerThread:137366 [handler.py:handle_request():158] handle_request: status_report
2024-05-26 14:02:12,801 DEBUG   SenderThread:137366 [sender.py:send():378] send: stats
2024-05-26 14:02:13,076 DEBUG   HandlerThread:137366 [handler.py:handle_request():158] handle_request: stop_status
2024-05-26 14:02:13,077 DEBUG   SenderThread:137366 [sender.py:send_request():405] send_request: stop_status
2024-05-26 14:02:17,260 DEBUG   HandlerThread:137366 [handler.py:handle_request():158] handle_request: status_report
2024-05-26 14:02:22,261 DEBUG   HandlerThread:137366 [handler.py:handle_request():158] handle_request: status_report
2024-05-26 14:02:27,262 DEBUG   HandlerThread:137366 [handler.py:handle_request():158] handle_request: status_report
2024-05-26 14:02:28,077 DEBUG   HandlerThread:137366 [handler.py:handle_request():158] handle_request: stop_status
2024-05-26 14:02:28,077 DEBUG   SenderThread:137366 [sender.py:send_request():405] send_request: stop_status
2024-05-26 14:02:33,258 DEBUG   HandlerThread:137366 [handler.py:handle_request():158] handle_request: status_report
2024-05-26 14:02:38,281 DEBUG   HandlerThread:137366 [handler.py:handle_request():158] handle_request: status_report
2024-05-26 14:02:42,802 DEBUG   SenderThread:137366 [sender.py:send():378] send: stats
2024-05-26 14:02:43,077 DEBUG   HandlerThread:137366 [handler.py:handle_request():158] handle_request: stop_status
2024-05-26 14:02:43,077 DEBUG   SenderThread:137366 [sender.py:send_request():405] send_request: stop_status
2024-05-26 14:02:44,249 DEBUG   HandlerThread:137366 [handler.py:handle_request():158] handle_request: status_report
2024-05-26 14:02:49,249 DEBUG   HandlerThread:137366 [handler.py:handle_request():158] handle_request: status_report
2024-05-26 14:02:54,250 DEBUG   HandlerThread:137366 [handler.py:handle_request():158] handle_request: status_report
2024-05-26 14:02:58,077 DEBUG   HandlerThread:137366 [handler.py:handle_request():158] handle_request: stop_status
2024-05-26 14:02:58,077 DEBUG   SenderThread:137366 [sender.py:send_request():405] send_request: stop_status
2024-05-26 14:02:59,298 DEBUG   HandlerThread:137366 [handler.py:handle_request():158] handle_request: status_report
2024-05-26 14:03:04,315 DEBUG   HandlerThread:137366 [handler.py:handle_request():158] handle_request: status_report
2024-05-26 14:03:09,316 DEBUG   HandlerThread:137366 [handler.py:handle_request():158] handle_request: status_report
2024-05-26 14:03:12,803 DEBUG   SenderThread:137366 [sender.py:send():378] send: stats
2024-05-26 14:03:13,077 DEBUG   HandlerThread:137366 [handler.py:handle_request():158] handle_request: stop_status
2024-05-26 14:03:13,077 DEBUG   SenderThread:137366 [sender.py:send_request():405] send_request: stop_status
2024-05-26 14:03:15,270 DEBUG   HandlerThread:137366 [handler.py:handle_request():158] handle_request: status_report
2024-05-26 14:03:20,271 DEBUG   HandlerThread:137366 [handler.py:handle_request():158] handle_request: status_report
2024-05-26 14:03:25,272 DEBUG   HandlerThread:137366 [handler.py:handle_request():158] handle_request: status_report
2024-05-26 14:03:28,077 DEBUG   HandlerThread:137366 [handler.py:handle_request():158] handle_request: stop_status
2024-05-26 14:03:28,078 DEBUG   SenderThread:137366 [sender.py:send_request():405] send_request: stop_status
2024-05-26 14:03:31,270 DEBUG   HandlerThread:137366 [handler.py:handle_request():158] handle_request: status_report
2024-05-26 14:03:36,290 DEBUG   HandlerThread:137366 [handler.py:handle_request():158] handle_request: status_report
2024-05-26 14:03:41,301 DEBUG   HandlerThread:137366 [handler.py:handle_request():158] handle_request: status_report
2024-05-26 14:03:42,804 DEBUG   SenderThread:137366 [sender.py:send():378] send: stats
2024-05-26 14:03:43,078 DEBUG   HandlerThread:137366 [handler.py:handle_request():158] handle_request: stop_status
2024-05-26 14:03:43,078 DEBUG   SenderThread:137366 [sender.py:send_request():405] send_request: stop_status
2024-05-26 14:03:46,319 DEBUG   HandlerThread:137366 [handler.py:handle_request():158] handle_request: status_report
2024-05-26 14:03:51,320 DEBUG   HandlerThread:137366 [handler.py:handle_request():158] handle_request: status_report
2024-05-26 14:03:56,321 DEBUG   HandlerThread:137366 [handler.py:handle_request():158] handle_request: status_report
2024-05-26 14:03:58,078 DEBUG   HandlerThread:137366 [handler.py:handle_request():158] handle_request: stop_status
2024-05-26 14:03:58,078 DEBUG   SenderThread:137366 [sender.py:send_request():405] send_request: stop_status
2024-05-26 14:04:02,308 DEBUG   HandlerThread:137366 [handler.py:handle_request():158] handle_request: status_report
2024-05-26 14:04:07,309 DEBUG   HandlerThread:137366 [handler.py:handle_request():158] handle_request: status_report
2024-05-26 14:04:12,309 DEBUG   HandlerThread:137366 [handler.py:handle_request():158] handle_request: status_report
2024-05-26 14:04:12,805 DEBUG   SenderThread:137366 [sender.py:send():378] send: stats
2024-05-26 14:04:13,078 DEBUG   HandlerThread:137366 [handler.py:handle_request():158] handle_request: stop_status
2024-05-26 14:04:13,078 DEBUG   SenderThread:137366 [sender.py:send_request():405] send_request: stop_status
2024-05-26 14:04:18,297 DEBUG   HandlerThread:137366 [handler.py:handle_request():158] handle_request: status_report
2024-05-26 14:04:23,298 DEBUG   HandlerThread:137366 [handler.py:handle_request():158] handle_request: status_report
2024-05-26 14:04:28,078 DEBUG   HandlerThread:137366 [handler.py:handle_request():158] handle_request: stop_status
2024-05-26 14:04:28,078 DEBUG   SenderThread:137366 [sender.py:send_request():405] send_request: stop_status
2024-05-26 14:04:28,322 DEBUG   HandlerThread:137366 [handler.py:handle_request():158] handle_request: status_report
2024-05-26 14:04:33,323 DEBUG   HandlerThread:137366 [handler.py:handle_request():158] handle_request: status_report
2024-05-26 14:04:38,323 DEBUG   HandlerThread:137366 [handler.py:handle_request():158] handle_request: status_report
2024-05-26 14:04:42,806 DEBUG   SenderThread:137366 [sender.py:send():378] send: stats
2024-05-26 14:04:43,078 DEBUG   HandlerThread:137366 [handler.py:handle_request():158] handle_request: stop_status
2024-05-26 14:04:43,079 DEBUG   SenderThread:137366 [sender.py:send_request():405] send_request: stop_status
2024-05-26 14:04:44,269 DEBUG   HandlerThread:137366 [handler.py:handle_request():158] handle_request: status_report
2024-05-26 14:04:49,269 DEBUG   HandlerThread:137366 [handler.py:handle_request():158] handle_request: status_report
2024-05-26 14:04:54,310 DEBUG   HandlerThread:137366 [handler.py:handle_request():158] handle_request: status_report
2024-05-26 14:04:54,663 INFO    Thread-12 :137366 [dir_watcher.py:_on_file_modified():288] file/dir modified: /home/inaki/host_data/wandb/run-20240526_135411-qjvw6bv3/files/output.log
2024-05-26 14:04:58,078 DEBUG   HandlerThread:137366 [handler.py:handle_request():158] handle_request: stop_status
2024-05-26 14:04:58,079 DEBUG   SenderThread:137366 [sender.py:send_request():405] send_request: stop_status
2024-05-26 14:05:00,275 DEBUG   HandlerThread:137366 [handler.py:handle_request():158] handle_request: status_report
2024-05-26 14:05:05,276 DEBUG   HandlerThread:137366 [handler.py:handle_request():158] handle_request: status_report
2024-05-26 14:05:10,277 DEBUG   HandlerThread:137366 [handler.py:handle_request():158] handle_request: status_report
2024-05-26 14:05:12,807 DEBUG   SenderThread:137366 [sender.py:send():378] send: stats
2024-05-26 14:05:13,079 DEBUG   HandlerThread:137366 [handler.py:handle_request():158] handle_request: stop_status
2024-05-26 14:05:13,079 DEBUG   SenderThread:137366 [sender.py:send_request():405] send_request: stop_status
2024-05-26 14:05:15,329 DEBUG   HandlerThread:137366 [handler.py:handle_request():158] handle_request: status_report
2024-05-26 14:05:20,330 DEBUG   HandlerThread:137366 [handler.py:handle_request():158] handle_request: status_report
2024-05-26 14:05:25,331 DEBUG   HandlerThread:137366 [handler.py:handle_request():158] handle_request: status_report
2024-05-26 14:05:28,079 DEBUG   HandlerThread:137366 [handler.py:handle_request():158] handle_request: stop_status
2024-05-26 14:05:28,079 DEBUG   SenderThread:137366 [sender.py:send_request():405] send_request: stop_status
2024-05-26 14:05:31,229 DEBUG   HandlerThread:137366 [handler.py:handle_request():158] handle_request: status_report
2024-05-26 14:05:36,229 DEBUG   HandlerThread:137366 [handler.py:handle_request():158] handle_request: status_report
2024-05-26 14:05:41,230 DEBUG   HandlerThread:137366 [handler.py:handle_request():158] handle_request: status_report
2024-05-26 14:05:42,808 DEBUG   SenderThread:137366 [sender.py:send():378] send: stats
2024-05-26 14:05:43,079 DEBUG   HandlerThread:137366 [handler.py:handle_request():158] handle_request: stop_status
2024-05-26 14:05:43,080 DEBUG   SenderThread:137366 [sender.py:send_request():405] send_request: stop_status
2024-05-26 14:05:46,285 DEBUG   HandlerThread:137366 [handler.py:handle_request():158] handle_request: status_report
2024-05-26 14:05:51,285 DEBUG   HandlerThread:137366 [handler.py:handle_request():158] handle_request: status_report
2024-05-26 14:05:56,286 DEBUG   HandlerThread:137366 [handler.py:handle_request():158] handle_request: status_report
2024-05-26 14:05:58,079 DEBUG   HandlerThread:137366 [handler.py:handle_request():158] handle_request: stop_status
2024-05-26 14:05:58,079 DEBUG   SenderThread:137366 [sender.py:send_request():405] send_request: stop_status
2024-05-26 14:06:01,321 DEBUG   HandlerThread:137366 [handler.py:handle_request():158] handle_request: status_report
2024-05-26 14:06:06,322 DEBUG   HandlerThread:137366 [handler.py:handle_request():158] handle_request: status_report
2024-05-26 14:06:11,322 DEBUG   HandlerThread:137366 [handler.py:handle_request():158] handle_request: status_report
2024-05-26 14:06:12,809 DEBUG   SenderThread:137366 [sender.py:send():378] send: stats
2024-05-26 14:06:13,079 DEBUG   HandlerThread:137366 [handler.py:handle_request():158] handle_request: stop_status
2024-05-26 14:06:13,080 DEBUG   SenderThread:137366 [sender.py:send_request():405] send_request: stop_status
2024-05-26 14:06:17,312 DEBUG   HandlerThread:137366 [handler.py:handle_request():158] handle_request: status_report
2024-05-26 14:06:22,313 DEBUG   HandlerThread:137366 [handler.py:handle_request():158] handle_request: status_report
2024-05-26 14:06:27,313 DEBUG   HandlerThread:137366 [handler.py:handle_request():158] handle_request: status_report
2024-05-26 14:06:28,079 DEBUG   HandlerThread:137366 [handler.py:handle_request():158] handle_request: stop_status
2024-05-26 14:06:28,080 DEBUG   SenderThread:137366 [sender.py:send_request():405] send_request: stop_status
2024-05-26 14:06:33,215 DEBUG   HandlerThread:137366 [handler.py:handle_request():158] handle_request: status_report
2024-05-26 14:06:38,216 DEBUG   HandlerThread:137366 [handler.py:handle_request():158] handle_request: status_report
2024-05-26 14:06:42,810 DEBUG   SenderThread:137366 [sender.py:send():378] send: stats
2024-05-26 14:06:43,079 DEBUG   HandlerThread:137366 [handler.py:handle_request():158] handle_request: stop_status
2024-05-26 14:06:43,080 DEBUG   SenderThread:137366 [sender.py:send_request():405] send_request: stop_status
2024-05-26 14:06:43,307 DEBUG   HandlerThread:137366 [handler.py:handle_request():158] handle_request: status_report
2024-05-26 14:06:48,308 DEBUG   HandlerThread:137366 [handler.py:handle_request():158] handle_request: status_report
2024-05-26 14:06:53,309 DEBUG   HandlerThread:137366 [handler.py:handle_request():158] handle_request: status_report
2024-05-26 14:06:58,080 DEBUG   HandlerThread:137366 [handler.py:handle_request():158] handle_request: stop_status
2024-05-26 14:06:58,080 DEBUG   SenderThread:137366 [sender.py:send_request():405] send_request: stop_status
2024-05-26 14:06:59,294 DEBUG   HandlerThread:137366 [handler.py:handle_request():158] handle_request: status_report
2024-05-26 14:07:04,295 DEBUG   HandlerThread:137366 [handler.py:handle_request():158] handle_request: status_report
2024-05-26 14:07:09,295 DEBUG   HandlerThread:137366 [handler.py:handle_request():158] handle_request: status_report
2024-05-26 14:07:12,811 DEBUG   SenderThread:137366 [sender.py:send():378] send: stats
2024-05-26 14:07:13,080 DEBUG   HandlerThread:137366 [handler.py:handle_request():158] handle_request: stop_status
2024-05-26 14:07:13,080 DEBUG   SenderThread:137366 [sender.py:send_request():405] send_request: stop_status
2024-05-26 14:07:14,327 DEBUG   HandlerThread:137366 [handler.py:handle_request():158] handle_request: status_report
2024-05-26 14:07:19,330 DEBUG   HandlerThread:137366 [handler.py:handle_request():158] handle_request: status_report
2024-05-26 14:07:24,331 DEBUG   HandlerThread:137366 [handler.py:handle_request():158] handle_request: status_report
2024-05-26 14:07:28,080 DEBUG   HandlerThread:137366 [handler.py:handle_request():158] handle_request: stop_status
2024-05-26 14:07:28,081 DEBUG   SenderThread:137366 [sender.py:send_request():405] send_request: stop_status
2024-05-26 14:07:30,290 DEBUG   HandlerThread:137366 [handler.py:handle_request():158] handle_request: status_report
2024-05-26 14:07:35,310 DEBUG   HandlerThread:137366 [handler.py:handle_request():158] handle_request: status_report
2024-05-26 14:07:40,310 DEBUG   HandlerThread:137366 [handler.py:handle_request():158] handle_request: status_report
2024-05-26 14:07:42,818 DEBUG   SenderThread:137366 [sender.py:send():378] send: stats
2024-05-26 14:07:43,080 DEBUG   HandlerThread:137366 [handler.py:handle_request():158] handle_request: stop_status
2024-05-26 14:07:43,081 DEBUG   SenderThread:137366 [sender.py:send_request():405] send_request: stop_status
2024-05-26 14:07:46,300 DEBUG   HandlerThread:137366 [handler.py:handle_request():158] handle_request: status_report
2024-05-26 14:07:51,301 DEBUG   HandlerThread:137366 [handler.py:handle_request():158] handle_request: status_report
2024-05-26 14:07:56,301 DEBUG   HandlerThread:137366 [handler.py:handle_request():158] handle_request: status_report
2024-05-26 14:07:58,080 DEBUG   HandlerThread:137366 [handler.py:handle_request():158] handle_request: stop_status
2024-05-26 14:07:58,087 DEBUG   SenderThread:137366 [sender.py:send_request():405] send_request: stop_status
2024-05-26 14:08:02,301 DEBUG   HandlerThread:137366 [handler.py:handle_request():158] handle_request: status_report
2024-05-26 14:08:07,302 DEBUG   HandlerThread:137366 [handler.py:handle_request():158] handle_request: status_report
2024-05-26 14:08:12,303 DEBUG   HandlerThread:137366 [handler.py:handle_request():158] handle_request: status_report
2024-05-26 14:08:12,813 DEBUG   SenderThread:137366 [sender.py:send():378] send: stats
2024-05-26 14:08:13,081 DEBUG   HandlerThread:137366 [handler.py:handle_request():158] handle_request: stop_status
2024-05-26 14:08:13,081 DEBUG   SenderThread:137366 [sender.py:send_request():405] send_request: stop_status
2024-05-26 14:08:17,424 DEBUG   HandlerThread:137366 [handler.py:handle_request():158] handle_request: status_report
2024-05-26 14:08:22,425 DEBUG   HandlerThread:137366 [handler.py:handle_request():158] handle_request: status_report
2024-05-26 14:08:27,426 DEBUG   HandlerThread:137366 [handler.py:handle_request():158] handle_request: status_report
2024-05-26 14:08:28,081 DEBUG   HandlerThread:137366 [handler.py:handle_request():158] handle_request: stop_status
2024-05-26 14:08:28,081 DEBUG   SenderThread:137366 [sender.py:send_request():405] send_request: stop_status
2024-05-26 14:08:33,272 DEBUG   HandlerThread:137366 [handler.py:handle_request():158] handle_request: status_report
2024-05-26 14:08:38,273 DEBUG   HandlerThread:137366 [handler.py:handle_request():158] handle_request: status_report
2024-05-26 14:08:42,814 DEBUG   SenderThread:137366 [sender.py:send():378] send: stats
2024-05-26 14:08:43,081 DEBUG   HandlerThread:137366 [handler.py:handle_request():158] handle_request: stop_status
2024-05-26 14:08:43,081 DEBUG   SenderThread:137366 [sender.py:send_request():405] send_request: stop_status
2024-05-26 14:08:44,218 DEBUG   HandlerThread:137366 [handler.py:handle_request():158] handle_request: status_report
2024-05-26 14:08:49,219 DEBUG   HandlerThread:137366 [handler.py:handle_request():158] handle_request: status_report
2024-05-26 14:08:54,220 DEBUG   HandlerThread:137366 [handler.py:handle_request():158] handle_request: status_report
2024-05-26 14:08:58,081 DEBUG   HandlerThread:137366 [handler.py:handle_request():158] handle_request: stop_status
2024-05-26 14:08:58,081 DEBUG   SenderThread:137366 [sender.py:send_request():405] send_request: stop_status
2024-05-26 14:08:59,242 DEBUG   HandlerThread:137366 [handler.py:handle_request():158] handle_request: status_report
2024-05-26 14:09:04,242 DEBUG   HandlerThread:137366 [handler.py:handle_request():158] handle_request: status_report
2024-05-26 14:09:09,243 DEBUG   HandlerThread:137366 [handler.py:handle_request():158] handle_request: status_report
2024-05-26 14:09:12,816 DEBUG   SenderThread:137366 [sender.py:send():378] send: stats
2024-05-26 14:09:13,081 DEBUG   HandlerThread:137366 [handler.py:handle_request():158] handle_request: stop_status
2024-05-26 14:09:13,082 DEBUG   SenderThread:137366 [sender.py:send_request():405] send_request: stop_status
2024-05-26 14:09:14,274 DEBUG   HandlerThread:137366 [handler.py:handle_request():158] handle_request: status_report
2024-05-26 14:09:19,275 DEBUG   HandlerThread:137366 [handler.py:handle_request():158] handle_request: status_report
2024-05-26 14:09:24,275 DEBUG   HandlerThread:137366 [handler.py:handle_request():158] handle_request: status_report
2024-05-26 14:09:28,081 DEBUG   HandlerThread:137366 [handler.py:handle_request():158] handle_request: stop_status
2024-05-26 14:09:28,082 DEBUG   SenderThread:137366 [sender.py:send_request():405] send_request: stop_status
2024-05-26 14:09:29,297 DEBUG   HandlerThread:137366 [handler.py:handle_request():158] handle_request: status_report
2024-05-26 14:09:34,297 DEBUG   HandlerThread:137366 [handler.py:handle_request():158] handle_request: status_report
2024-05-26 14:09:39,298 DEBUG   HandlerThread:137366 [handler.py:handle_request():158] handle_request: status_report
2024-05-26 14:09:42,817 DEBUG   SenderThread:137366 [sender.py:send():378] send: stats
2024-05-26 14:09:43,082 DEBUG   HandlerThread:137366 [handler.py:handle_request():158] handle_request: stop_status
2024-05-26 14:09:43,083 DEBUG   SenderThread:137366 [sender.py:send_request():405] send_request: stop_status
2024-05-26 14:09:44,316 DEBUG   HandlerThread:137366 [handler.py:handle_request():158] handle_request: status_report
2024-05-26 14:09:49,317 DEBUG   HandlerThread:137366 [handler.py:handle_request():158] handle_request: status_report
2024-05-26 14:09:54,318 DEBUG   HandlerThread:137366 [handler.py:handle_request():158] handle_request: status_report
2024-05-26 14:09:58,083 DEBUG   HandlerThread:137366 [handler.py:handle_request():158] handle_request: stop_status
2024-05-26 14:09:58,083 DEBUG   SenderThread:137366 [sender.py:send_request():405] send_request: stop_status
2024-05-26 14:10:00,246 DEBUG   HandlerThread:137366 [handler.py:handle_request():158] handle_request: status_report
2024-05-26 14:10:05,254 DEBUG   HandlerThread:137366 [handler.py:handle_request():158] handle_request: status_report
2024-05-26 14:10:10,255 DEBUG   HandlerThread:137366 [handler.py:handle_request():158] handle_request: status_report
2024-05-26 14:10:12,817 DEBUG   SenderThread:137366 [sender.py:send():378] send: stats
2024-05-26 14:10:13,083 DEBUG   HandlerThread:137366 [handler.py:handle_request():158] handle_request: stop_status
2024-05-26 14:10:13,083 DEBUG   SenderThread:137366 [sender.py:send_request():405] send_request: stop_status
2024-05-26 14:10:15,276 DEBUG   HandlerThread:137366 [handler.py:handle_request():158] handle_request: status_report
2024-05-26 14:10:20,277 DEBUG   HandlerThread:137366 [handler.py:handle_request():158] handle_request: status_report
2024-05-26 14:10:25,278 DEBUG   HandlerThread:137366 [handler.py:handle_request():158] handle_request: status_report
2024-05-26 14:10:28,083 DEBUG   HandlerThread:137366 [handler.py:handle_request():158] handle_request: stop_status
2024-05-26 14:10:28,084 DEBUG   SenderThread:137366 [sender.py:send_request():405] send_request: stop_status
2024-05-26 14:10:31,246 DEBUG   HandlerThread:137366 [handler.py:handle_request():158] handle_request: status_report
2024-05-26 14:10:36,247 DEBUG   HandlerThread:137366 [handler.py:handle_request():158] handle_request: status_report
2024-05-26 14:10:41,248 DEBUG   HandlerThread:137366 [handler.py:handle_request():158] handle_request: status_report
2024-05-26 14:10:42,818 DEBUG   SenderThread:137366 [sender.py:send():378] send: stats
2024-05-26 14:10:43,083 DEBUG   HandlerThread:137366 [handler.py:handle_request():158] handle_request: stop_status
2024-05-26 14:10:43,084 DEBUG   SenderThread:137366 [sender.py:send_request():405] send_request: stop_status
2024-05-26 14:10:46,285 DEBUG   HandlerThread:137366 [handler.py:handle_request():158] handle_request: status_report
2024-05-26 14:10:51,286 DEBUG   HandlerThread:137366 [handler.py:handle_request():158] handle_request: status_report
2024-05-26 14:10:56,287 DEBUG   HandlerThread:137366 [handler.py:handle_request():158] handle_request: status_report
2024-05-26 14:10:58,084 DEBUG   HandlerThread:137366 [handler.py:handle_request():158] handle_request: stop_status
2024-05-26 14:10:58,084 DEBUG   SenderThread:137366 [sender.py:send_request():405] send_request: stop_status
2024-05-26 14:11:02,248 DEBUG   HandlerThread:137366 [handler.py:handle_request():158] handle_request: status_report
2024-05-26 14:11:07,248 DEBUG   HandlerThread:137366 [handler.py:handle_request():158] handle_request: status_report
2024-05-26 14:11:12,249 DEBUG   HandlerThread:137366 [handler.py:handle_request():158] handle_request: status_report
2024-05-26 14:11:12,819 DEBUG   SenderThread:137366 [sender.py:send():378] send: stats
2024-05-26 14:11:13,084 DEBUG   HandlerThread:137366 [handler.py:handle_request():158] handle_request: stop_status
2024-05-26 14:11:13,084 DEBUG   SenderThread:137366 [sender.py:send_request():405] send_request: stop_status
2024-05-26 14:11:17,279 DEBUG   HandlerThread:137366 [handler.py:handle_request():158] handle_request: status_report
2024-05-26 14:11:22,280 DEBUG   HandlerThread:137366 [handler.py:handle_request():158] handle_request: status_report
2024-05-26 14:11:27,281 DEBUG   HandlerThread:137366 [handler.py:handle_request():158] handle_request: status_report
2024-05-26 14:11:28,084 DEBUG   HandlerThread:137366 [handler.py:handle_request():158] handle_request: stop_status
2024-05-26 14:11:28,084 DEBUG   SenderThread:137366 [sender.py:send_request():405] send_request: stop_status
2024-05-26 14:11:33,225 DEBUG   HandlerThread:137366 [handler.py:handle_request():158] handle_request: status_report
2024-05-26 14:11:38,226 DEBUG   HandlerThread:137366 [handler.py:handle_request():158] handle_request: status_report
2024-05-26 14:11:42,820 DEBUG   SenderThread:137366 [sender.py:send():378] send: stats
2024-05-26 14:11:43,084 DEBUG   HandlerThread:137366 [handler.py:handle_request():158] handle_request: stop_status
2024-05-26 14:11:43,084 DEBUG   SenderThread:137366 [sender.py:send_request():405] send_request: stop_status
2024-05-26 14:11:43,317 DEBUG   HandlerThread:137366 [handler.py:handle_request():158] handle_request: status_report
2024-05-26 14:11:48,318 DEBUG   HandlerThread:137366 [handler.py:handle_request():158] handle_request: status_report
2024-05-26 14:11:53,319 DEBUG   HandlerThread:137366 [handler.py:handle_request():158] handle_request: status_report
2024-05-26 14:11:58,084 DEBUG   HandlerThread:137366 [handler.py:handle_request():158] handle_request: stop_status
2024-05-26 14:11:58,085 DEBUG   SenderThread:137366 [sender.py:send_request():405] send_request: stop_status
2024-05-26 14:11:59,240 DEBUG   HandlerThread:137366 [handler.py:handle_request():158] handle_request: status_report
2024-05-26 14:12:04,241 DEBUG   HandlerThread:137366 [handler.py:handle_request():158] handle_request: status_report
2024-05-26 14:12:09,241 DEBUG   HandlerThread:137366 [handler.py:handle_request():158] handle_request: status_report
2024-05-26 14:12:12,821 DEBUG   SenderThread:137366 [sender.py:send():378] send: stats
2024-05-26 14:12:13,084 DEBUG   HandlerThread:137366 [handler.py:handle_request():158] handle_request: stop_status
2024-05-26 14:12:13,085 DEBUG   SenderThread:137366 [sender.py:send_request():405] send_request: stop_status
2024-05-26 14:12:14,317 DEBUG   HandlerThread:137366 [handler.py:handle_request():158] handle_request: status_report
2024-05-26 14:12:20,121 DEBUG   HandlerThread:137366 [handler.py:handle_request():158] handle_request: status_report
2024-05-26 14:12:20,875 INFO    Thread-12 :137366 [dir_watcher.py:_on_file_modified():288] file/dir modified: /home/inaki/host_data/wandb/run-20240526_135411-qjvw6bv3/files/output.log
2024-05-26 14:12:25,121 DEBUG   HandlerThread:137366 [handler.py:handle_request():158] handle_request: status_report
2024-05-26 14:12:28,084 DEBUG   HandlerThread:137366 [handler.py:handle_request():158] handle_request: stop_status
2024-05-26 14:12:28,085 DEBUG   SenderThread:137366 [sender.py:send_request():405] send_request: stop_status
2024-05-26 14:12:30,259 DEBUG   HandlerThread:137366 [handler.py:handle_request():158] handle_request: status_report
2024-05-26 14:12:35,259 DEBUG   HandlerThread:137366 [handler.py:handle_request():158] handle_request: status_report
2024-05-26 14:12:40,260 DEBUG   HandlerThread:137366 [handler.py:handle_request():158] handle_request: status_report
2024-05-26 14:12:42,823 DEBUG   SenderThread:137366 [sender.py:send():378] send: stats
2024-05-26 14:12:43,085 DEBUG   HandlerThread:137366 [handler.py:handle_request():158] handle_request: stop_status
2024-05-26 14:12:43,085 DEBUG   SenderThread:137366 [sender.py:send_request():405] send_request: stop_status
2024-05-26 14:12:45,278 DEBUG   HandlerThread:137366 [handler.py:handle_request():158] handle_request: status_report
2024-05-26 14:12:50,279 DEBUG   HandlerThread:137366 [handler.py:handle_request():158] handle_request: status_report
2024-05-26 14:12:55,279 DEBUG   HandlerThread:137366 [handler.py:handle_request():158] handle_request: status_report
2024-05-26 14:12:58,085 DEBUG   HandlerThread:137366 [handler.py:handle_request():158] handle_request: stop_status
2024-05-26 14:12:58,085 DEBUG   SenderThread:137366 [sender.py:send_request():405] send_request: stop_status
2024-05-26 14:13:01,261 DEBUG   HandlerThread:137366 [handler.py:handle_request():158] handle_request: status_report
2024-05-26 14:13:06,262 DEBUG   HandlerThread:137366 [handler.py:handle_request():158] handle_request: status_report
2024-05-26 14:13:11,263 DEBUG   HandlerThread:137366 [handler.py:handle_request():158] handle_request: status_report
2024-05-26 14:13:12,823 DEBUG   SenderThread:137366 [sender.py:send():378] send: stats
2024-05-26 14:13:13,085 DEBUG   HandlerThread:137366 [handler.py:handle_request():158] handle_request: stop_status
2024-05-26 14:13:13,085 DEBUG   SenderThread:137366 [sender.py:send_request():405] send_request: stop_status
2024-05-26 14:13:16,306 DEBUG   HandlerThread:137366 [handler.py:handle_request():158] handle_request: status_report
2024-05-26 14:13:21,307 DEBUG   HandlerThread:137366 [handler.py:handle_request():158] handle_request: status_report
2024-05-26 14:13:26,308 DEBUG   HandlerThread:137366 [handler.py:handle_request():158] handle_request: status_report
2024-05-26 14:13:28,085 DEBUG   HandlerThread:137366 [handler.py:handle_request():158] handle_request: stop_status
2024-05-26 14:13:28,086 DEBUG   SenderThread:137366 [sender.py:send_request():405] send_request: stop_status
2024-05-26 14:13:32,287 DEBUG   HandlerThread:137366 [handler.py:handle_request():158] handle_request: status_report
2024-05-26 14:13:37,288 DEBUG   HandlerThread:137366 [handler.py:handle_request():158] handle_request: status_report
2024-05-26 14:13:42,289 DEBUG   HandlerThread:137366 [handler.py:handle_request():158] handle_request: status_report
2024-05-26 14:13:42,824 DEBUG   SenderThread:137366 [sender.py:send():378] send: stats
2024-05-26 14:13:43,085 DEBUG   HandlerThread:137366 [handler.py:handle_request():158] handle_request: stop_status
2024-05-26 14:13:43,086 DEBUG   SenderThread:137366 [sender.py:send_request():405] send_request: stop_status
2024-05-26 14:13:48,271 DEBUG   HandlerThread:137366 [handler.py:handle_request():158] handle_request: status_report
2024-05-26 14:13:53,271 DEBUG   HandlerThread:137366 [handler.py:handle_request():158] handle_request: status_report
2024-05-26 14:13:58,085 DEBUG   HandlerThread:137366 [handler.py:handle_request():158] handle_request: stop_status
2024-05-26 14:13:58,086 DEBUG   SenderThread:137366 [sender.py:send_request():405] send_request: stop_status
2024-05-26 14:13:58,319 DEBUG   HandlerThread:137366 [handler.py:handle_request():158] handle_request: status_report
2024-05-26 14:14:03,319 DEBUG   HandlerThread:137366 [handler.py:handle_request():158] handle_request: status_report
2024-05-26 14:14:08,320 DEBUG   HandlerThread:137366 [handler.py:handle_request():158] handle_request: status_report
2024-05-26 14:14:12,825 DEBUG   SenderThread:137366 [sender.py:send():378] send: stats
2024-05-26 14:14:13,086 DEBUG   HandlerThread:137366 [handler.py:handle_request():158] handle_request: stop_status
2024-05-26 14:14:13,086 DEBUG   SenderThread:137366 [sender.py:send_request():405] send_request: stop_status
2024-05-26 14:14:14,294 DEBUG   HandlerThread:137366 [handler.py:handle_request():158] handle_request: status_report
2024-05-26 14:14:19,295 DEBUG   HandlerThread:137366 [handler.py:handle_request():158] handle_request: status_report
2024-05-26 14:14:24,296 DEBUG   HandlerThread:137366 [handler.py:handle_request():158] handle_request: status_report
2024-05-26 14:14:28,086 DEBUG   HandlerThread:137366 [handler.py:handle_request():158] handle_request: stop_status
2024-05-26 14:14:28,086 DEBUG   SenderThread:137366 [sender.py:send_request():405] send_request: stop_status
2024-05-26 14:14:29,336 DEBUG   HandlerThread:137366 [handler.py:handle_request():158] handle_request: status_report
2024-05-26 14:14:34,337 DEBUG   HandlerThread:137366 [handler.py:handle_request():158] handle_request: status_report
2024-05-26 14:14:39,338 DEBUG   HandlerThread:137366 [handler.py:handle_request():158] handle_request: status_report
2024-05-26 14:14:42,826 DEBUG   SenderThread:137366 [sender.py:send():378] send: stats
2024-05-26 14:14:43,086 DEBUG   HandlerThread:137366 [handler.py:handle_request():158] handle_request: stop_status
2024-05-26 14:14:43,086 DEBUG   SenderThread:137366 [sender.py:send_request():405] send_request: stop_status
2024-05-26 14:14:45,242 DEBUG   HandlerThread:137366 [handler.py:handle_request():158] handle_request: status_report
2024-05-26 14:14:50,243 DEBUG   HandlerThread:137366 [handler.py:handle_request():158] handle_request: status_report
2024-05-26 14:14:55,243 DEBUG   HandlerThread:137366 [handler.py:handle_request():158] handle_request: status_report
2024-05-26 14:14:58,086 DEBUG   HandlerThread:137366 [handler.py:handle_request():158] handle_request: stop_status
2024-05-26 14:14:58,087 DEBUG   SenderThread:137366 [sender.py:send_request():405] send_request: stop_status
2024-05-26 14:15:00,289 DEBUG   HandlerThread:137366 [handler.py:handle_request():158] handle_request: status_report
2024-05-26 14:15:05,290 DEBUG   HandlerThread:137366 [handler.py:handle_request():158] handle_request: status_report
2024-05-26 14:15:10,291 DEBUG   HandlerThread:137366 [handler.py:handle_request():158] handle_request: status_report
2024-05-26 14:15:12,827 DEBUG   SenderThread:137366 [sender.py:send():378] send: stats
2024-05-26 14:15:13,086 DEBUG   HandlerThread:137366 [handler.py:handle_request():158] handle_request: stop_status
2024-05-26 14:15:13,087 DEBUG   SenderThread:137366 [sender.py:send_request():405] send_request: stop_status
2024-05-26 14:15:16,260 DEBUG   HandlerThread:137366 [handler.py:handle_request():158] handle_request: status_report
2024-05-26 14:15:21,260 DEBUG   HandlerThread:137366 [handler.py:handle_request():158] handle_request: status_report
2024-05-26 14:15:26,261 DEBUG   HandlerThread:137366 [handler.py:handle_request():158] handle_request: status_report
2024-05-26 14:15:28,087 DEBUG   HandlerThread:137366 [handler.py:handle_request():158] handle_request: stop_status
2024-05-26 14:15:28,087 DEBUG   SenderThread:137366 [sender.py:send_request():405] send_request: stop_status
2024-05-26 14:15:31,296 DEBUG   HandlerThread:137366 [handler.py:handle_request():158] handle_request: status_report
2024-05-26 14:15:36,297 DEBUG   HandlerThread:137366 [handler.py:handle_request():158] handle_request: status_report
2024-05-26 14:15:41,297 DEBUG   HandlerThread:137366 [handler.py:handle_request():158] handle_request: status_report
2024-05-26 14:15:42,828 DEBUG   SenderThread:137366 [sender.py:send():378] send: stats
2024-05-26 14:15:43,087 DEBUG   HandlerThread:137366 [handler.py:handle_request():158] handle_request: stop_status
2024-05-26 14:15:43,087 DEBUG   SenderThread:137366 [sender.py:send_request():405] send_request: stop_status
2024-05-26 14:15:46,326 DEBUG   HandlerThread:137366 [handler.py:handle_request():158] handle_request: status_report
2024-05-26 14:15:51,327 DEBUG   HandlerThread:137366 [handler.py:handle_request():158] handle_request: status_report
2024-05-26 14:15:56,327 DEBUG   HandlerThread:137366 [handler.py:handle_request():158] handle_request: status_report
2024-05-26 14:15:58,087 DEBUG   HandlerThread:137366 [handler.py:handle_request():158] handle_request: stop_status
2024-05-26 14:15:58,087 DEBUG   SenderThread:137366 [sender.py:send_request():405] send_request: stop_status
2024-05-26 14:16:02,272 DEBUG   HandlerThread:137366 [handler.py:handle_request():158] handle_request: status_report
2024-05-26 14:16:07,273 DEBUG   HandlerThread:137366 [handler.py:handle_request():158] handle_request: status_report
2024-05-26 14:16:12,273 DEBUG   HandlerThread:137366 [handler.py:handle_request():158] handle_request: status_report
2024-05-26 14:16:12,829 DEBUG   SenderThread:137366 [sender.py:send():378] send: stats
2024-05-26 14:16:13,087 DEBUG   HandlerThread:137366 [handler.py:handle_request():158] handle_request: stop_status
2024-05-26 14:16:13,088 DEBUG   SenderThread:137366 [sender.py:send_request():405] send_request: stop_status
2024-05-26 14:16:17,282 DEBUG   HandlerThread:137366 [handler.py:handle_request():158] handle_request: status_report
2024-05-26 14:16:22,284 DEBUG   HandlerThread:137366 [handler.py:handle_request():158] handle_request: status_report
2024-05-26 14:16:27,285 DEBUG   HandlerThread:137366 [handler.py:handle_request():158] handle_request: status_report
2024-05-26 14:16:28,088 DEBUG   HandlerThread:137366 [handler.py:handle_request():158] handle_request: stop_status
2024-05-26 14:16:28,088 DEBUG   SenderThread:137366 [sender.py:send_request():405] send_request: stop_status
2024-05-26 14:16:33,248 DEBUG   HandlerThread:137366 [handler.py:handle_request():158] handle_request: status_report
2024-05-26 14:16:38,249 DEBUG   HandlerThread:137366 [handler.py:handle_request():158] handle_request: status_report
2024-05-26 14:16:42,830 DEBUG   SenderThread:137366 [sender.py:send():378] send: stats
2024-05-26 14:16:43,087 DEBUG   HandlerThread:137366 [handler.py:handle_request():158] handle_request: stop_status
2024-05-26 14:16:43,088 DEBUG   SenderThread:137366 [sender.py:send_request():405] send_request: stop_status
2024-05-26 14:16:43,345 DEBUG   HandlerThread:137366 [handler.py:handle_request():158] handle_request: status_report
2024-05-26 14:16:48,346 DEBUG   HandlerThread:137366 [handler.py:handle_request():158] handle_request: status_report
2024-05-26 14:16:53,346 DEBUG   HandlerThread:137366 [handler.py:handle_request():158] handle_request: status_report
2024-05-26 14:16:58,087 DEBUG   HandlerThread:137366 [handler.py:handle_request():158] handle_request: stop_status
2024-05-26 14:16:58,088 DEBUG   SenderThread:137366 [sender.py:send_request():405] send_request: stop_status
2024-05-26 14:16:59,249 DEBUG   HandlerThread:137366 [handler.py:handle_request():158] handle_request: status_report
2024-05-26 14:17:04,249 DEBUG   HandlerThread:137366 [handler.py:handle_request():158] handle_request: status_report
2024-05-26 14:17:09,250 DEBUG   HandlerThread:137366 [handler.py:handle_request():158] handle_request: status_report
2024-05-26 14:17:12,831 DEBUG   SenderThread:137366 [sender.py:send():378] send: stats
2024-05-26 14:17:12,977 INFO    Thread-12 :137366 [dir_watcher.py:_on_file_modified():288] file/dir modified: /home/inaki/host_data/wandb/run-20240526_135411-qjvw6bv3/files/output.log
2024-05-26 14:17:13,087 DEBUG   HandlerThread:137366 [handler.py:handle_request():158] handle_request: stop_status
2024-05-26 14:17:13,088 DEBUG   SenderThread:137366 [sender.py:send_request():405] send_request: stop_status
2024-05-26 14:17:14,257 DEBUG   HandlerThread:137366 [handler.py:handle_request():158] handle_request: status_report
2024-05-26 14:17:19,257 DEBUG   HandlerThread:137366 [handler.py:handle_request():158] handle_request: status_report
2024-05-26 14:17:24,258 DEBUG   HandlerThread:137366 [handler.py:handle_request():158] handle_request: status_report
2024-05-26 14:17:28,088 DEBUG   HandlerThread:137366 [handler.py:handle_request():158] handle_request: stop_status
2024-05-26 14:17:28,088 DEBUG   SenderThread:137366 [sender.py:send_request():405] send_request: stop_status
2024-05-26 14:17:29,322 DEBUG   HandlerThread:137366 [handler.py:handle_request():158] handle_request: status_report
2024-05-26 14:17:34,323 DEBUG   HandlerThread:137366 [handler.py:handle_request():158] handle_request: status_report
2024-05-26 14:17:39,323 DEBUG   HandlerThread:137366 [handler.py:handle_request():158] handle_request: status_report
2024-05-26 14:17:42,832 DEBUG   SenderThread:137366 [sender.py:send():378] send: stats
2024-05-26 14:17:43,088 DEBUG   HandlerThread:137366 [handler.py:handle_request():158] handle_request: stop_status
2024-05-26 14:17:43,089 DEBUG   SenderThread:137366 [sender.py:send_request():405] send_request: stop_status
2024-05-26 14:17:45,262 DEBUG   HandlerThread:137366 [handler.py:handle_request():158] handle_request: status_report
2024-05-26 14:17:50,263 DEBUG   HandlerThread:137366 [handler.py:handle_request():158] handle_request: status_report
2024-05-26 14:17:55,264 DEBUG   HandlerThread:137366 [handler.py:handle_request():158] handle_request: status_report
2024-05-26 14:17:58,088 DEBUG   HandlerThread:137366 [handler.py:handle_request():158] handle_request: stop_status
2024-05-26 14:17:58,089 DEBUG   SenderThread:137366 [sender.py:send_request():405] send_request: stop_status
2024-05-26 14:18:00,289 DEBUG   HandlerThread:137366 [handler.py:handle_request():158] handle_request: status_report
2024-05-26 14:18:05,289 DEBUG   HandlerThread:137366 [handler.py:handle_request():158] handle_request: status_report
2024-05-26 14:18:10,290 DEBUG   HandlerThread:137366 [handler.py:handle_request():158] handle_request: status_report
2024-05-26 14:18:12,833 DEBUG   SenderThread:137366 [sender.py:send():378] send: stats
2024-05-26 14:18:13,088 DEBUG   HandlerThread:137366 [handler.py:handle_request():158] handle_request: stop_status
2024-05-26 14:18:13,089 DEBUG   SenderThread:137366 [sender.py:send_request():405] send_request: stop_status
2024-05-26 14:18:16,253 DEBUG   HandlerThread:137366 [handler.py:handle_request():158] handle_request: status_report
2024-05-26 14:18:21,254 DEBUG   HandlerThread:137366 [handler.py:handle_request():158] handle_request: status_report
2024-05-26 14:18:26,255 DEBUG   HandlerThread:137366 [handler.py:handle_request():158] handle_request: status_report
2024-05-26 14:18:28,088 DEBUG   HandlerThread:137366 [handler.py:handle_request():158] handle_request: stop_status
2024-05-26 14:18:28,089 DEBUG   SenderThread:137366 [sender.py:send_request():405] send_request: stop_status
2024-05-26 14:18:31,263 DEBUG   HandlerThread:137366 [handler.py:handle_request():158] handle_request: status_report
2024-05-26 14:18:36,264 DEBUG   HandlerThread:137366 [handler.py:handle_request():158] handle_request: status_report
2024-05-26 14:18:41,265 DEBUG   HandlerThread:137366 [handler.py:handle_request():158] handle_request: status_report
2024-05-26 14:18:42,834 DEBUG   SenderThread:137366 [sender.py:send():378] send: stats
2024-05-26 14:18:43,089 DEBUG   HandlerThread:137366 [handler.py:handle_request():158] handle_request: stop_status
2024-05-26 14:18:43,089 DEBUG   SenderThread:137366 [sender.py:send_request():405] send_request: stop_status
2024-05-26 14:18:46,298 DEBUG   HandlerThread:137366 [handler.py:handle_request():158] handle_request: status_report
2024-05-26 14:18:51,299 DEBUG   HandlerThread:137366 [handler.py:handle_request():158] handle_request: status_report
2024-05-26 14:18:56,300 DEBUG   HandlerThread:137366 [handler.py:handle_request():158] handle_request: status_report
2024-05-26 14:18:58,089 DEBUG   HandlerThread:137366 [handler.py:handle_request():158] handle_request: stop_status
2024-05-26 14:18:58,089 DEBUG   SenderThread:137366 [sender.py:send_request():405] send_request: stop_status
2024-05-26 14:19:02,292 DEBUG   HandlerThread:137366 [handler.py:handle_request():158] handle_request: status_report
2024-05-26 14:19:07,292 DEBUG   HandlerThread:137366 [handler.py:handle_request():158] handle_request: status_report
2024-05-26 14:19:12,293 DEBUG   HandlerThread:137366 [handler.py:handle_request():158] handle_request: status_report
2024-05-26 14:19:12,835 DEBUG   SenderThread:137366 [sender.py:send():378] send: stats
2024-05-26 14:19:13,089 DEBUG   HandlerThread:137366 [handler.py:handle_request():158] handle_request: stop_status
2024-05-26 14:19:13,089 DEBUG   SenderThread:137366 [sender.py:send_request():405] send_request: stop_status
2024-05-26 14:19:18,279 DEBUG   HandlerThread:137366 [handler.py:handle_request():158] handle_request: status_report
2024-05-26 14:19:23,280 DEBUG   HandlerThread:137366 [handler.py:handle_request():158] handle_request: status_report
2024-05-26 14:19:28,089 DEBUG   HandlerThread:137366 [handler.py:handle_request():158] handle_request: stop_status
2024-05-26 14:19:28,089 DEBUG   SenderThread:137366 [sender.py:send_request():405] send_request: stop_status
2024-05-26 14:19:29,253 DEBUG   HandlerThread:137366 [handler.py:handle_request():158] handle_request: status_report
2024-05-26 14:19:34,254 DEBUG   HandlerThread:137366 [handler.py:handle_request():158] handle_request: status_report
2024-05-26 14:19:39,255 DEBUG   HandlerThread:137366 [handler.py:handle_request():158] handle_request: status_report
2024-05-26 14:19:42,836 DEBUG   SenderThread:137366 [sender.py:send():378] send: stats
2024-05-26 14:19:43,089 DEBUG   HandlerThread:137366 [handler.py:handle_request():158] handle_request: stop_status
2024-05-26 14:19:43,090 DEBUG   SenderThread:137366 [sender.py:send_request():405] send_request: stop_status
2024-05-26 14:19:44,333 DEBUG   HandlerThread:137366 [handler.py:handle_request():158] handle_request: status_report
2024-05-26 14:19:49,334 DEBUG   HandlerThread:137366 [handler.py:handle_request():158] handle_request: status_report
2024-05-26 14:19:54,335 DEBUG   HandlerThread:137366 [handler.py:handle_request():158] handle_request: status_report
2024-05-26 14:19:58,089 DEBUG   HandlerThread:137366 [handler.py:handle_request():158] handle_request: stop_status
2024-05-26 14:19:58,090 DEBUG   SenderThread:137366 [sender.py:send_request():405] send_request: stop_status
2024-05-26 14:20:00,261 DEBUG   HandlerThread:137366 [handler.py:handle_request():158] handle_request: status_report
2024-05-26 14:20:05,261 DEBUG   HandlerThread:137366 [handler.py:handle_request():158] handle_request: status_report
2024-05-26 14:20:10,262 DEBUG   HandlerThread:137366 [handler.py:handle_request():158] handle_request: status_report
2024-05-26 14:20:12,837 DEBUG   SenderThread:137366 [sender.py:send():378] send: stats
2024-05-26 14:20:13,090 DEBUG   HandlerThread:137366 [handler.py:handle_request():158] handle_request: stop_status
2024-05-26 14:20:13,090 DEBUG   SenderThread:137366 [sender.py:send_request():405] send_request: stop_status
2024-05-26 14:20:15,502 DEBUG   HandlerThread:137366 [handler.py:handle_request():158] handle_request: status_report
2024-05-26 14:20:20,502 DEBUG   HandlerThread:137366 [handler.py:handle_request():158] handle_request: status_report
2024-05-26 14:20:25,503 DEBUG   HandlerThread:137366 [handler.py:handle_request():158] handle_request: status_report
2024-05-26 14:20:28,090 DEBUG   HandlerThread:137366 [handler.py:handle_request():158] handle_request: stop_status
2024-05-26 14:20:28,090 DEBUG   SenderThread:137366 [sender.py:send_request():405] send_request: stop_status
2024-05-26 14:20:31,307 DEBUG   HandlerThread:137366 [handler.py:handle_request():158] handle_request: status_report
2024-05-26 14:20:36,307 DEBUG   HandlerThread:137366 [handler.py:handle_request():158] handle_request: status_report
2024-05-26 14:20:41,308 DEBUG   HandlerThread:137366 [handler.py:handle_request():158] handle_request: status_report
2024-05-26 14:20:42,838 DEBUG   SenderThread:137366 [sender.py:send():378] send: stats
2024-05-26 14:20:43,090 DEBUG   HandlerThread:137366 [handler.py:handle_request():158] handle_request: stop_status
2024-05-26 14:20:43,090 DEBUG   SenderThread:137366 [sender.py:send_request():405] send_request: stop_status
2024-05-26 14:20:47,281 DEBUG   HandlerThread:137366 [handler.py:handle_request():158] handle_request: status_report
2024-05-26 14:20:52,282 DEBUG   HandlerThread:137366 [handler.py:handle_request():158] handle_request: status_report
2024-05-26 14:20:57,282 DEBUG   HandlerThread:137366 [handler.py:handle_request():158] handle_request: status_report
2024-05-26 14:20:58,090 DEBUG   HandlerThread:137366 [handler.py:handle_request():158] handle_request: stop_status
2024-05-26 14:20:58,091 DEBUG   SenderThread:137366 [sender.py:send_request():405] send_request: stop_status
2024-05-26 14:21:02,316 DEBUG   HandlerThread:137366 [handler.py:handle_request():158] handle_request: status_report
2024-05-26 14:21:07,316 DEBUG   HandlerThread:137366 [handler.py:handle_request():158] handle_request: status_report
2024-05-26 14:21:12,317 DEBUG   HandlerThread:137366 [handler.py:handle_request():158] handle_request: status_report
2024-05-26 14:21:12,845 DEBUG   SenderThread:137366 [sender.py:send():378] send: stats
2024-05-26 14:21:13,090 DEBUG   HandlerThread:137366 [handler.py:handle_request():158] handle_request: stop_status
2024-05-26 14:21:13,091 DEBUG   SenderThread:137366 [sender.py:send_request():405] send_request: stop_status
2024-05-26 14:21:18,242 DEBUG   HandlerThread:137366 [handler.py:handle_request():158] handle_request: status_report
2024-05-26 14:21:23,243 DEBUG   HandlerThread:137366 [handler.py:handle_request():158] handle_request: status_report
2024-05-26 14:21:28,090 DEBUG   HandlerThread:137366 [handler.py:handle_request():158] handle_request: stop_status
2024-05-26 14:21:28,091 DEBUG   SenderThread:137366 [sender.py:send_request():405] send_request: stop_status
2024-05-26 14:21:28,340 DEBUG   HandlerThread:137366 [handler.py:handle_request():158] handle_request: status_report
2024-05-26 14:21:33,341 DEBUG   HandlerThread:137366 [handler.py:handle_request():158] handle_request: status_report
2024-05-26 14:21:38,341 DEBUG   HandlerThread:137366 [handler.py:handle_request():158] handle_request: status_report
2024-05-26 14:21:42,840 DEBUG   SenderThread:137366 [sender.py:send():378] send: stats
2024-05-26 14:21:43,090 DEBUG   HandlerThread:137366 [handler.py:handle_request():158] handle_request: stop_status
2024-05-26 14:21:43,091 DEBUG   SenderThread:137366 [sender.py:send_request():405] send_request: stop_status
2024-05-26 14:21:44,275 DEBUG   HandlerThread:137366 [handler.py:handle_request():158] handle_request: status_report
2024-05-26 14:21:49,275 DEBUG   HandlerThread:137366 [handler.py:handle_request():158] handle_request: status_report
2024-05-26 14:21:54,276 DEBUG   HandlerThread:137366 [handler.py:handle_request():158] handle_request: status_report
2024-05-26 14:21:58,091 DEBUG   HandlerThread:137366 [handler.py:handle_request():158] handle_request: stop_status
2024-05-26 14:21:58,091 DEBUG   SenderThread:137366 [sender.py:send_request():405] send_request: stop_status
2024-05-26 14:21:59,333 DEBUG   HandlerThread:137366 [handler.py:handle_request():158] handle_request: status_report
2024-05-26 14:22:04,334 DEBUG   HandlerThread:137366 [handler.py:handle_request():158] handle_request: status_report
2024-05-26 14:22:09,334 DEBUG   HandlerThread:137366 [handler.py:handle_request():158] handle_request: status_report
2024-05-26 14:22:12,842 DEBUG   SenderThread:137366 [sender.py:send():378] send: stats
2024-05-26 14:22:13,091 DEBUG   HandlerThread:137366 [handler.py:handle_request():158] handle_request: stop_status
2024-05-26 14:22:13,091 DEBUG   SenderThread:137366 [sender.py:send_request():405] send_request: stop_status
2024-05-26 14:22:15,296 DEBUG   HandlerThread:137366 [handler.py:handle_request():158] handle_request: status_report
2024-05-26 14:22:20,296 DEBUG   HandlerThread:137366 [handler.py:handle_request():158] handle_request: status_report
2024-05-26 14:22:25,297 DEBUG   HandlerThread:137366 [handler.py:handle_request():158] handle_request: status_report
2024-05-26 14:22:28,091 DEBUG   HandlerThread:137366 [handler.py:handle_request():158] handle_request: stop_status
2024-05-26 14:22:28,092 DEBUG   SenderThread:137366 [sender.py:send_request():405] send_request: stop_status
2024-05-26 14:22:31,254 DEBUG   HandlerThread:137366 [handler.py:handle_request():158] handle_request: status_report
2024-05-26 14:22:36,255 DEBUG   HandlerThread:137366 [handler.py:handle_request():158] handle_request: status_report
2024-05-26 14:22:41,255 DEBUG   HandlerThread:137366 [handler.py:handle_request():158] handle_request: status_report
2024-05-26 14:22:42,842 DEBUG   SenderThread:137366 [sender.py:send():378] send: stats
2024-05-26 14:22:43,091 DEBUG   HandlerThread:137366 [handler.py:handle_request():158] handle_request: stop_status
2024-05-26 14:22:43,091 DEBUG   SenderThread:137366 [sender.py:send_request():405] send_request: stop_status
2024-05-26 14:22:46,273 DEBUG   HandlerThread:137366 [handler.py:handle_request():158] handle_request: status_report
2024-05-26 14:22:51,273 DEBUG   HandlerThread:137366 [handler.py:handle_request():158] handle_request: status_report
2024-05-26 14:22:56,274 DEBUG   HandlerThread:137366 [handler.py:handle_request():158] handle_request: status_report
2024-05-26 14:22:58,091 DEBUG   HandlerThread:137366 [handler.py:handle_request():158] handle_request: stop_status
2024-05-26 14:22:58,092 DEBUG   SenderThread:137366 [sender.py:send_request():405] send_request: stop_status
2024-05-26 14:23:02,255 DEBUG   HandlerThread:137366 [handler.py:handle_request():158] handle_request: status_report
2024-05-26 14:23:07,256 DEBUG   HandlerThread:137366 [handler.py:handle_request():158] handle_request: status_report
2024-05-26 14:23:12,257 DEBUG   HandlerThread:137366 [handler.py:handle_request():158] handle_request: status_report
2024-05-26 14:23:12,843 DEBUG   SenderThread:137366 [sender.py:send():378] send: stats
2024-05-26 14:23:13,092 DEBUG   HandlerThread:137366 [handler.py:handle_request():158] handle_request: stop_status
2024-05-26 14:23:13,092 DEBUG   SenderThread:137366 [sender.py:send_request():405] send_request: stop_status
2024-05-26 14:23:17,320 DEBUG   HandlerThread:137366 [handler.py:handle_request():158] handle_request: status_report
2024-05-26 14:23:22,321 DEBUG   HandlerThread:137366 [handler.py:handle_request():158] handle_request: status_report
2024-05-26 14:23:27,322 DEBUG   HandlerThread:137366 [handler.py:handle_request():158] handle_request: status_report
2024-05-26 14:23:28,092 DEBUG   HandlerThread:137366 [handler.py:handle_request():158] handle_request: stop_status
2024-05-26 14:23:28,092 DEBUG   SenderThread:137366 [sender.py:send_request():405] send_request: stop_status
2024-05-26 14:23:33,246 DEBUG   HandlerThread:137366 [handler.py:handle_request():158] handle_request: status_report
2024-05-26 14:23:38,246 DEBUG   HandlerThread:137366 [handler.py:handle_request():158] handle_request: status_report
2024-05-26 14:23:42,844 DEBUG   SenderThread:137366 [sender.py:send():378] send: stats
2024-05-26 14:23:43,092 DEBUG   HandlerThread:137366 [handler.py:handle_request():158] handle_request: stop_status
2024-05-26 14:23:43,093 DEBUG   SenderThread:137366 [sender.py:send_request():405] send_request: stop_status
2024-05-26 14:23:43,328 DEBUG   HandlerThread:137366 [handler.py:handle_request():158] handle_request: status_report
2024-05-26 14:23:48,329 DEBUG   HandlerThread:137366 [handler.py:handle_request():158] handle_request: status_report
2024-05-26 14:23:53,330 DEBUG   HandlerThread:137366 [handler.py:handle_request():158] handle_request: status_report
2024-05-26 14:23:58,092 DEBUG   HandlerThread:137366 [handler.py:handle_request():158] handle_request: stop_status
2024-05-26 14:23:58,093 DEBUG   SenderThread:137366 [sender.py:send_request():405] send_request: stop_status
2024-05-26 14:23:59,314 DEBUG   HandlerThread:137366 [handler.py:handle_request():158] handle_request: status_report
2024-05-26 14:24:04,315 DEBUG   HandlerThread:137366 [handler.py:handle_request():158] handle_request: status_report
2024-05-26 14:24:09,316 DEBUG   HandlerThread:137366 [handler.py:handle_request():158] handle_request: status_report
2024-05-26 14:24:11,134 INFO    Thread-12 :137366 [dir_watcher.py:_on_file_modified():288] file/dir modified: /home/inaki/host_data/wandb/run-20240526_135411-qjvw6bv3/files/output.log
2024-05-26 14:24:12,844 DEBUG   SenderThread:137366 [sender.py:send():378] send: stats
2024-05-26 14:24:13,092 DEBUG   HandlerThread:137366 [handler.py:handle_request():158] handle_request: stop_status
2024-05-26 14:24:13,092 DEBUG   SenderThread:137366 [sender.py:send_request():405] send_request: stop_status
2024-05-26 14:24:15,280 DEBUG   HandlerThread:137366 [handler.py:handle_request():158] handle_request: status_report
2024-05-26 14:24:20,281 DEBUG   HandlerThread:137366 [handler.py:handle_request():158] handle_request: status_report
2024-05-26 14:24:25,281 DEBUG   HandlerThread:137366 [handler.py:handle_request():158] handle_request: status_report
2024-05-26 14:24:28,092 DEBUG   HandlerThread:137366 [handler.py:handle_request():158] handle_request: stop_status
2024-05-26 14:24:28,093 DEBUG   SenderThread:137366 [sender.py:send_request():405] send_request: stop_status
2024-05-26 14:24:31,266 DEBUG   HandlerThread:137366 [handler.py:handle_request():158] handle_request: status_report
2024-05-26 14:24:36,267 DEBUG   HandlerThread:137366 [handler.py:handle_request():158] handle_request: status_report
2024-05-26 14:24:41,267 DEBUG   HandlerThread:137366 [handler.py:handle_request():158] handle_request: status_report
2024-05-26 14:24:42,845 DEBUG   SenderThread:137366 [sender.py:send():378] send: stats
2024-05-26 14:24:43,092 DEBUG   HandlerThread:137366 [handler.py:handle_request():158] handle_request: stop_status
2024-05-26 14:24:43,093 DEBUG   SenderThread:137366 [sender.py:send_request():405] send_request: stop_status
2024-05-26 14:24:46,330 DEBUG   HandlerThread:137366 [handler.py:handle_request():158] handle_request: status_report
2024-05-26 14:24:51,330 DEBUG   HandlerThread:137366 [handler.py:handle_request():158] handle_request: status_report
2024-05-26 14:24:56,331 DEBUG   HandlerThread:137366 [handler.py:handle_request():158] handle_request: status_report
2024-05-26 14:24:58,093 DEBUG   HandlerThread:137366 [handler.py:handle_request():158] handle_request: stop_status
2024-05-26 14:24:58,093 DEBUG   SenderThread:137366 [sender.py:send_request():405] send_request: stop_status
2024-05-26 14:25:02,268 DEBUG   HandlerThread:137366 [handler.py:handle_request():158] handle_request: status_report
2024-05-26 14:25:07,269 DEBUG   HandlerThread:137366 [handler.py:handle_request():158] handle_request: status_report
2024-05-26 14:25:12,270 DEBUG   HandlerThread:137366 [handler.py:handle_request():158] handle_request: status_report
2024-05-26 14:25:12,846 DEBUG   SenderThread:137366 [sender.py:send():378] send: stats
2024-05-26 14:25:13,093 DEBUG   HandlerThread:137366 [handler.py:handle_request():158] handle_request: stop_status
2024-05-26 14:25:13,093 DEBUG   SenderThread:137366 [sender.py:send_request():405] send_request: stop_status
2024-05-26 14:25:17,335 DEBUG   HandlerThread:137366 [handler.py:handle_request():158] handle_request: status_report
2024-05-26 14:25:22,335 DEBUG   HandlerThread:137366 [handler.py:handle_request():158] handle_request: status_report
2024-05-26 14:25:27,336 DEBUG   HandlerThread:137366 [handler.py:handle_request():158] handle_request: status_report
2024-05-26 14:25:28,093 DEBUG   HandlerThread:137366 [handler.py:handle_request():158] handle_request: stop_status
2024-05-26 14:25:28,093 DEBUG   SenderThread:137366 [sender.py:send_request():405] send_request: stop_status
2024-05-26 14:25:33,240 DEBUG   HandlerThread:137366 [handler.py:handle_request():158] handle_request: status_report
2024-05-26 14:25:38,241 DEBUG   HandlerThread:137366 [handler.py:handle_request():158] handle_request: status_report
2024-05-26 14:25:42,847 DEBUG   SenderThread:137366 [sender.py:send():378] send: stats
2024-05-26 14:25:43,093 DEBUG   HandlerThread:137366 [handler.py:handle_request():158] handle_request: stop_status
2024-05-26 14:25:43,093 DEBUG   SenderThread:137366 [sender.py:send_request():405] send_request: stop_status
2024-05-26 14:25:43,324 DEBUG   HandlerThread:137366 [handler.py:handle_request():158] handle_request: status_report
2024-05-26 14:25:48,325 DEBUG   HandlerThread:137366 [handler.py:handle_request():158] handle_request: status_report
2024-05-26 14:25:53,325 DEBUG   HandlerThread:137366 [handler.py:handle_request():158] handle_request: status_report
2024-05-26 14:25:58,093 DEBUG   HandlerThread:137366 [handler.py:handle_request():158] handle_request: stop_status
2024-05-26 14:25:58,094 DEBUG   SenderThread:137366 [sender.py:send_request():405] send_request: stop_status
2024-05-26 14:25:59,225 DEBUG   HandlerThread:137366 [handler.py:handle_request():158] handle_request: status_report
2024-05-26 14:26:04,226 DEBUG   HandlerThread:137366 [handler.py:handle_request():158] handle_request: status_report
2024-05-26 14:26:09,226 DEBUG   HandlerThread:137366 [handler.py:handle_request():158] handle_request: status_report
2024-05-26 14:26:12,848 DEBUG   SenderThread:137366 [sender.py:send():378] send: stats
2024-05-26 14:26:13,093 DEBUG   HandlerThread:137366 [handler.py:handle_request():158] handle_request: stop_status
2024-05-26 14:26:13,094 DEBUG   SenderThread:137366 [sender.py:send_request():405] send_request: stop_status
2024-05-26 14:26:14,236 DEBUG   HandlerThread:137366 [handler.py:handle_request():158] handle_request: status_report
2024-05-26 14:26:19,236 DEBUG   HandlerThread:137366 [handler.py:handle_request():158] handle_request: status_report
2024-05-26 14:26:24,237 DEBUG   HandlerThread:137366 [handler.py:handle_request():158] handle_request: status_report
2024-05-26 14:26:28,093 DEBUG   HandlerThread:137366 [handler.py:handle_request():158] handle_request: stop_status
2024-05-26 14:26:28,094 DEBUG   SenderThread:137366 [sender.py:send_request():405] send_request: stop_status
2024-05-26 14:26:29,340 DEBUG   HandlerThread:137366 [handler.py:handle_request():158] handle_request: status_report
2024-05-26 14:26:34,341 DEBUG   HandlerThread:137366 [handler.py:handle_request():158] handle_request: status_report
2024-05-26 14:26:39,342 DEBUG   HandlerThread:137366 [handler.py:handle_request():158] handle_request: status_report
2024-05-26 14:26:42,849 DEBUG   SenderThread:137366 [sender.py:send():378] send: stats
2024-05-26 14:26:43,094 DEBUG   HandlerThread:137366 [handler.py:handle_request():158] handle_request: stop_status
2024-05-26 14:26:43,094 DEBUG   SenderThread:137366 [sender.py:send_request():405] send_request: stop_status
2024-05-26 14:26:45,274 DEBUG   HandlerThread:137366 [handler.py:handle_request():158] handle_request: status_report
2024-05-26 14:26:50,274 DEBUG   HandlerThread:137366 [handler.py:handle_request():158] handle_request: status_report
2024-05-26 14:26:55,275 DEBUG   HandlerThread:137366 [handler.py:handle_request():158] handle_request: status_report
2024-05-26 14:26:58,094 DEBUG   HandlerThread:137366 [handler.py:handle_request():158] handle_request: stop_status
2024-05-26 14:26:58,094 DEBUG   SenderThread:137366 [sender.py:send_request():405] send_request: stop_status
2024-05-26 14:27:01,272 DEBUG   HandlerThread:137366 [handler.py:handle_request():158] handle_request: status_report
2024-05-26 14:27:06,273 DEBUG   HandlerThread:137366 [handler.py:handle_request():158] handle_request: status_report
2024-05-26 14:27:11,273 DEBUG   HandlerThread:137366 [handler.py:handle_request():158] handle_request: status_report
2024-05-26 14:27:12,850 DEBUG   SenderThread:137366 [sender.py:send():378] send: stats
2024-05-26 14:27:13,094 DEBUG   HandlerThread:137366 [handler.py:handle_request():158] handle_request: stop_status
2024-05-26 14:27:13,094 DEBUG   SenderThread:137366 [sender.py:send_request():405] send_request: stop_status
2024-05-26 14:27:16,289 DEBUG   HandlerThread:137366 [handler.py:handle_request():158] handle_request: status_report
2024-05-26 14:27:21,290 DEBUG   HandlerThread:137366 [handler.py:handle_request():158] handle_request: status_report
2024-05-26 14:27:26,291 DEBUG   HandlerThread:137366 [handler.py:handle_request():158] handle_request: status_report
2024-05-26 14:27:28,094 DEBUG   HandlerThread:137366 [handler.py:handle_request():158] handle_request: stop_status
2024-05-26 14:27:28,094 DEBUG   SenderThread:137366 [sender.py:send_request():405] send_request: stop_status
2024-05-26 14:27:32,246 DEBUG   HandlerThread:137366 [handler.py:handle_request():158] handle_request: status_report
2024-05-26 14:27:37,246 DEBUG   HandlerThread:137366 [handler.py:handle_request():158] handle_request: status_report
2024-05-26 14:27:42,247 DEBUG   HandlerThread:137366 [handler.py:handle_request():158] handle_request: status_report
2024-05-26 14:27:42,851 DEBUG   SenderThread:137366 [sender.py:send():378] send: stats
2024-05-26 14:27:43,094 DEBUG   HandlerThread:137366 [handler.py:handle_request():158] handle_request: stop_status
2024-05-26 14:27:43,095 DEBUG   SenderThread:137366 [sender.py:send_request():405] send_request: stop_status
2024-05-26 14:27:47,258 DEBUG   HandlerThread:137366 [handler.py:handle_request():158] handle_request: status_report
2024-05-26 14:27:52,259 DEBUG   HandlerThread:137366 [handler.py:handle_request():158] handle_request: status_report
2024-05-26 14:27:57,260 DEBUG   HandlerThread:137366 [handler.py:handle_request():158] handle_request: status_report
2024-05-26 14:27:58,094 DEBUG   HandlerThread:137366 [handler.py:handle_request():158] handle_request: stop_status
2024-05-26 14:27:58,095 DEBUG   SenderThread:137366 [sender.py:send_request():405] send_request: stop_status
2024-05-26 14:28:03,251 DEBUG   HandlerThread:137366 [handler.py:handle_request():158] handle_request: status_report
2024-05-26 14:28:08,252 DEBUG   HandlerThread:137366 [handler.py:handle_request():158] handle_request: status_report
2024-05-26 14:28:12,852 DEBUG   SenderThread:137366 [sender.py:send():378] send: stats
2024-05-26 14:28:13,094 DEBUG   HandlerThread:137366 [handler.py:handle_request():158] handle_request: stop_status
2024-05-26 14:28:13,095 DEBUG   SenderThread:137366 [sender.py:send_request():405] send_request: stop_status
2024-05-26 14:28:13,328 DEBUG   HandlerThread:137366 [handler.py:handle_request():158] handle_request: status_report
2024-05-26 14:28:18,329 DEBUG   HandlerThread:137366 [handler.py:handle_request():158] handle_request: status_report
2024-05-26 14:28:23,330 DEBUG   HandlerThread:137366 [handler.py:handle_request():158] handle_request: status_report
2024-05-26 14:28:28,095 DEBUG   HandlerThread:137366 [handler.py:handle_request():158] handle_request: stop_status
2024-05-26 14:28:28,095 DEBUG   SenderThread:137366 [sender.py:send_request():405] send_request: stop_status
2024-05-26 14:28:28,443 DEBUG   HandlerThread:137366 [handler.py:handle_request():158] handle_request: status_report
2024-05-26 14:28:33,443 DEBUG   HandlerThread:137366 [handler.py:handle_request():158] handle_request: status_report
2024-05-26 14:28:38,444 DEBUG   HandlerThread:137366 [handler.py:handle_request():158] handle_request: status_report
2024-05-26 14:28:42,853 DEBUG   SenderThread:137366 [sender.py:send():378] send: stats
2024-05-26 14:28:43,095 DEBUG   HandlerThread:137366 [handler.py:handle_request():158] handle_request: stop_status
2024-05-26 14:28:43,095 DEBUG   SenderThread:137366 [sender.py:send_request():405] send_request: stop_status
2024-05-26 14:28:44,257 DEBUG   HandlerThread:137366 [handler.py:handle_request():158] handle_request: status_report
2024-05-26 14:28:49,257 DEBUG   HandlerThread:137366 [handler.py:handle_request():158] handle_request: status_report
2024-05-26 14:28:54,258 DEBUG   HandlerThread:137366 [handler.py:handle_request():158] handle_request: status_report
2024-05-26 14:28:58,095 DEBUG   HandlerThread:137366 [handler.py:handle_request():158] handle_request: stop_status
2024-05-26 14:28:58,095 DEBUG   SenderThread:137366 [sender.py:send_request():405] send_request: stop_status
2024-05-26 14:28:59,330 DEBUG   HandlerThread:137366 [handler.py:handle_request():158] handle_request: status_report
2024-05-26 14:29:04,331 DEBUG   HandlerThread:137366 [handler.py:handle_request():158] handle_request: status_report
2024-05-26 14:29:09,673 DEBUG   HandlerThread:137366 [handler.py:handle_request():158] handle_request: status_report
2024-05-26 14:29:10,242 INFO    Thread-12 :137366 [dir_watcher.py:_on_file_modified():288] file/dir modified: /home/inaki/host_data/wandb/run-20240526_135411-qjvw6bv3/files/output.log
2024-05-26 14:29:12,854 DEBUG   SenderThread:137366 [sender.py:send():378] send: stats
2024-05-26 14:29:13,095 DEBUG   HandlerThread:137366 [handler.py:handle_request():158] handle_request: stop_status
2024-05-26 14:29:13,096 DEBUG   SenderThread:137366 [sender.py:send_request():405] send_request: stop_status
2024-05-26 14:29:15,254 DEBUG   HandlerThread:137366 [handler.py:handle_request():158] handle_request: status_report
2024-05-26 14:29:20,254 DEBUG   HandlerThread:137366 [handler.py:handle_request():158] handle_request: status_report
2024-05-26 14:29:25,255 DEBUG   HandlerThread:137366 [handler.py:handle_request():158] handle_request: status_report
2024-05-26 14:29:28,095 DEBUG   HandlerThread:137366 [handler.py:handle_request():158] handle_request: stop_status
2024-05-26 14:29:28,096 DEBUG   SenderThread:137366 [sender.py:send_request():405] send_request: stop_status
2024-05-26 14:29:30,258 DEBUG   HandlerThread:137366 [handler.py:handle_request():158] handle_request: status_report
2024-05-26 14:29:35,258 DEBUG   HandlerThread:137366 [handler.py:handle_request():158] handle_request: status_report
2024-05-26 14:29:40,259 DEBUG   HandlerThread:137366 [handler.py:handle_request():158] handle_request: status_report
2024-05-26 14:29:42,855 DEBUG   SenderThread:137366 [sender.py:send():378] send: stats
2024-05-26 14:29:43,096 DEBUG   HandlerThread:137366 [handler.py:handle_request():158] handle_request: stop_status
2024-05-26 14:29:43,096 DEBUG   SenderThread:137366 [sender.py:send_request():405] send_request: stop_status
2024-05-26 14:29:46,244 DEBUG   HandlerThread:137366 [handler.py:handle_request():158] handle_request: status_report
2024-05-26 14:29:51,244 DEBUG   HandlerThread:137366 [handler.py:handle_request():158] handle_request: status_report
2024-05-26 14:29:56,245 DEBUG   HandlerThread:137366 [handler.py:handle_request():158] handle_request: status_report
2024-05-26 14:29:58,096 DEBUG   HandlerThread:137366 [handler.py:handle_request():158] handle_request: stop_status
2024-05-26 14:29:58,096 DEBUG   SenderThread:137366 [sender.py:send_request():405] send_request: stop_status
2024-05-26 14:30:01,312 DEBUG   HandlerThread:137366 [handler.py:handle_request():158] handle_request: status_report
2024-05-26 14:30:06,313 DEBUG   HandlerThread:137366 [handler.py:handle_request():158] handle_request: status_report
2024-05-26 14:30:11,313 DEBUG   HandlerThread:137366 [handler.py:handle_request():158] handle_request: status_report
2024-05-26 14:30:12,856 DEBUG   SenderThread:137366 [sender.py:send():378] send: stats
2024-05-26 14:30:13,096 DEBUG   HandlerThread:137366 [handler.py:handle_request():158] handle_request: stop_status
2024-05-26 14:30:13,096 DEBUG   SenderThread:137366 [sender.py:send_request():405] send_request: stop_status
2024-05-26 14:30:17,312 DEBUG   HandlerThread:137366 [handler.py:handle_request():158] handle_request: status_report
2024-05-26 14:30:22,313 DEBUG   HandlerThread:137366 [handler.py:handle_request():158] handle_request: status_report
2024-05-26 14:30:27,314 DEBUG   HandlerThread:137366 [handler.py:handle_request():158] handle_request: status_report
2024-05-26 14:30:28,096 DEBUG   HandlerThread:137366 [handler.py:handle_request():158] handle_request: stop_status
2024-05-26 14:30:28,097 DEBUG   SenderThread:137366 [sender.py:send_request():405] send_request: stop_status
2024-05-26 14:30:32,338 DEBUG   HandlerThread:137366 [handler.py:handle_request():158] handle_request: status_report
2024-05-26 14:30:37,339 DEBUG   HandlerThread:137366 [handler.py:handle_request():158] handle_request: status_report
2024-05-26 14:30:42,340 DEBUG   HandlerThread:137366 [handler.py:handle_request():158] handle_request: status_report
2024-05-26 14:30:42,857 DEBUG   SenderThread:137366 [sender.py:send():378] send: stats
2024-05-26 14:30:43,096 DEBUG   HandlerThread:137366 [handler.py:handle_request():158] handle_request: stop_status
2024-05-26 14:30:43,097 DEBUG   SenderThread:137366 [sender.py:send_request():405] send_request: stop_status
2024-05-26 14:30:48,251 DEBUG   HandlerThread:137366 [handler.py:handle_request():158] handle_request: status_report
2024-05-26 14:30:53,252 DEBUG   HandlerThread:137366 [handler.py:handle_request():158] handle_request: status_report
2024-05-26 14:30:58,096 DEBUG   HandlerThread:137366 [handler.py:handle_request():158] handle_request: stop_status
2024-05-26 14:30:58,097 DEBUG   SenderThread:137366 [sender.py:send_request():405] send_request: stop_status
2024-05-26 14:30:58,280 DEBUG   HandlerThread:137366 [handler.py:handle_request():158] handle_request: status_report
2024-05-26 14:31:03,280 DEBUG   HandlerThread:137366 [handler.py:handle_request():158] handle_request: status_report
2024-05-26 14:31:08,281 DEBUG   HandlerThread:137366 [handler.py:handle_request():158] handle_request: status_report
2024-05-26 14:31:12,858 DEBUG   SenderThread:137366 [sender.py:send():378] send: stats
2024-05-26 14:31:13,097 DEBUG   HandlerThread:137366 [handler.py:handle_request():158] handle_request: stop_status
2024-05-26 14:31:13,097 DEBUG   SenderThread:137366 [sender.py:send_request():405] send_request: stop_status
2024-05-26 14:31:14,281 DEBUG   HandlerThread:137366 [handler.py:handle_request():158] handle_request: status_report
2024-05-26 14:31:19,281 DEBUG   HandlerThread:137366 [handler.py:handle_request():158] handle_request: status_report
2024-05-26 14:31:24,282 DEBUG   HandlerThread:137366 [handler.py:handle_request():158] handle_request: status_report
2024-05-26 14:31:28,097 DEBUG   HandlerThread:137366 [handler.py:handle_request():158] handle_request: stop_status
2024-05-26 14:31:28,097 DEBUG   SenderThread:137366 [sender.py:send_request():405] send_request: stop_status
2024-05-26 14:31:29,303 DEBUG   HandlerThread:137366 [handler.py:handle_request():158] handle_request: status_report
2024-05-26 14:31:34,304 DEBUG   HandlerThread:137366 [handler.py:handle_request():158] handle_request: status_report
2024-05-26 14:31:39,305 DEBUG   HandlerThread:137366 [handler.py:handle_request():158] handle_request: status_report
2024-05-26 14:31:42,859 DEBUG   SenderThread:137366 [sender.py:send():378] send: stats
2024-05-26 14:31:43,097 DEBUG   HandlerThread:137366 [handler.py:handle_request():158] handle_request: stop_status
2024-05-26 14:31:43,097 DEBUG   SenderThread:137366 [sender.py:send_request():405] send_request: stop_status
2024-05-26 14:31:45,300 DEBUG   HandlerThread:137366 [handler.py:handle_request():158] handle_request: status_report
2024-05-26 14:31:50,301 DEBUG   HandlerThread:137366 [handler.py:handle_request():158] handle_request: status_report
2024-05-26 14:31:55,301 DEBUG   HandlerThread:137366 [handler.py:handle_request():158] handle_request: status_report
2024-05-26 14:31:58,097 DEBUG   HandlerThread:137366 [handler.py:handle_request():158] handle_request: stop_status
2024-05-26 14:31:58,097 DEBUG   SenderThread:137366 [sender.py:send_request():405] send_request: stop_status
2024-05-26 14:32:00,338 DEBUG   HandlerThread:137366 [handler.py:handle_request():158] handle_request: status_report
2024-05-26 14:32:05,338 DEBUG   HandlerThread:137366 [handler.py:handle_request():158] handle_request: status_report
2024-05-26 14:32:10,339 DEBUG   HandlerThread:137366 [handler.py:handle_request():158] handle_request: status_report
2024-05-26 14:32:12,860 DEBUG   SenderThread:137366 [sender.py:send():378] send: stats
2024-05-26 14:32:13,097 DEBUG   HandlerThread:137366 [handler.py:handle_request():158] handle_request: stop_status
2024-05-26 14:32:13,098 DEBUG   SenderThread:137366 [sender.py:send_request():405] send_request: stop_status
2024-05-26 14:32:16,288 DEBUG   HandlerThread:137366 [handler.py:handle_request():158] handle_request: status_report
2024-05-26 14:32:21,288 DEBUG   HandlerThread:137366 [handler.py:handle_request():158] handle_request: status_report
2024-05-26 14:32:26,289 DEBUG   HandlerThread:137366 [handler.py:handle_request():158] handle_request: status_report
2024-05-26 14:32:28,097 DEBUG   HandlerThread:137366 [handler.py:handle_request():158] handle_request: stop_status
2024-05-26 14:32:28,098 DEBUG   SenderThread:137366 [sender.py:send_request():405] send_request: stop_status
2024-05-26 14:32:31,375 DEBUG   HandlerThread:137366 [handler.py:handle_request():158] handle_request: status_report
2024-05-26 14:32:36,376 DEBUG   HandlerThread:137366 [handler.py:handle_request():158] handle_request: status_report
2024-05-26 14:32:41,376 DEBUG   HandlerThread:137366 [handler.py:handle_request():158] handle_request: status_report
2024-05-26 14:32:42,861 DEBUG   SenderThread:137366 [sender.py:send():378] send: stats
2024-05-26 14:32:43,098 DEBUG   HandlerThread:137366 [handler.py:handle_request():158] handle_request: stop_status
2024-05-26 14:32:43,098 DEBUG   SenderThread:137366 [sender.py:send_request():405] send_request: stop_status
2024-05-26 14:32:47,259 DEBUG   HandlerThread:137366 [handler.py:handle_request():158] handle_request: status_report
2024-05-26 14:32:52,260 DEBUG   HandlerThread:137366 [handler.py:handle_request():158] handle_request: status_report
2024-05-26 14:32:57,260 DEBUG   HandlerThread:137366 [handler.py:handle_request():158] handle_request: status_report
2024-05-26 14:32:58,098 DEBUG   HandlerThread:137366 [handler.py:handle_request():158] handle_request: stop_status
2024-05-26 14:32:58,098 DEBUG   SenderThread:137366 [sender.py:send_request():405] send_request: stop_status
2024-05-26 14:33:03,257 DEBUG   HandlerThread:137366 [handler.py:handle_request():158] handle_request: status_report
2024-05-26 14:33:08,258 DEBUG   HandlerThread:137366 [handler.py:handle_request():158] handle_request: status_report
2024-05-26 14:33:12,862 DEBUG   SenderThread:137366 [sender.py:send():378] send: stats
2024-05-26 14:33:13,098 DEBUG   HandlerThread:137366 [handler.py:handle_request():158] handle_request: stop_status
2024-05-26 14:33:13,098 DEBUG   SenderThread:137366 [sender.py:send_request():405] send_request: stop_status
2024-05-26 14:33:13,322 DEBUG   HandlerThread:137366 [handler.py:handle_request():158] handle_request: status_report
2024-05-26 14:33:18,326 DEBUG   HandlerThread:137366 [handler.py:handle_request():158] handle_request: status_report
2024-05-26 14:33:23,326 DEBUG   HandlerThread:137366 [handler.py:handle_request():158] handle_request: status_report
2024-05-26 14:33:28,098 DEBUG   HandlerThread:137366 [handler.py:handle_request():158] handle_request: stop_status
2024-05-26 14:33:28,099 DEBUG   SenderThread:137366 [sender.py:send_request():405] send_request: stop_status
2024-05-26 14:33:28,343 DEBUG   HandlerThread:137366 [handler.py:handle_request():158] handle_request: status_report
2024-05-26 14:33:33,343 DEBUG   HandlerThread:137366 [handler.py:handle_request():158] handle_request: status_report
2024-05-26 14:33:38,344 DEBUG   HandlerThread:137366 [handler.py:handle_request():158] handle_request: status_report
2024-05-26 14:33:42,863 DEBUG   SenderThread:137366 [sender.py:send():378] send: stats
2024-05-26 14:33:43,003 ERROR   FileStreamThread:137366 [file_stream.py:_handle_response():510] dropped chunk 404 Client Error: Not Found for url: https://api.wandb.ai/files/inaki/Ensemble_baseline/qjvw6bv3/file_stream
NoneType: None
2024-05-26 14:33:43,098 DEBUG   HandlerThread:137366 [handler.py:handle_request():158] handle_request: stop_status
2024-05-26 14:33:43,099 DEBUG   SenderThread:137366 [sender.py:send_request():405] send_request: stop_status
2024-05-26 14:33:44,304 DEBUG   HandlerThread:137366 [handler.py:handle_request():158] handle_request: status_report
2024-05-26 14:33:44,327 INFO    Thread-12 :137366 [dir_watcher.py:_on_file_modified():288] file/dir modified: /home/inaki/host_data/wandb/run-20240526_135411-qjvw6bv3/files/output.log
2024-05-26 14:33:49,305 DEBUG   HandlerThread:137366 [handler.py:handle_request():158] handle_request: status_report
2024-05-26 14:33:54,306 DEBUG   HandlerThread:137366 [handler.py:handle_request():158] handle_request: status_report
2024-05-26 14:33:58,099 DEBUG   HandlerThread:137366 [handler.py:handle_request():158] handle_request: stop_status
2024-05-26 14:33:58,099 DEBUG   SenderThread:137366 [sender.py:send_request():405] send_request: stop_status
2024-05-26 14:34:00,266 DEBUG   HandlerThread:137366 [handler.py:handle_request():158] handle_request: status_report
2024-05-26 14:34:05,267 DEBUG   HandlerThread:137366 [handler.py:handle_request():158] handle_request: status_report
2024-05-26 14:34:10,268 DEBUG   HandlerThread:137366 [handler.py:handle_request():158] handle_request: status_report
2024-05-26 14:34:12,871 DEBUG   SenderThread:137366 [sender.py:send():378] send: stats
2024-05-26 14:34:13,009 ERROR   FileStreamThread:137366 [file_stream.py:_handle_response():510] dropped chunk 404 Client Error: Not Found for url: https://api.wandb.ai/files/inaki/Ensemble_baseline/qjvw6bv3/file_stream
NoneType: None
2024-05-26 14:34:13,098 DEBUG   HandlerThread:137366 [handler.py:handle_request():158] handle_request: stop_status
2024-05-26 14:34:13,099 DEBUG   SenderThread:137366 [sender.py:send_request():405] send_request: stop_status
2024-05-26 14:34:14,337 INFO    Thread-12 :137366 [dir_watcher.py:_on_file_modified():288] file/dir modified: /home/inaki/host_data/wandb/run-20240526_135411-qjvw6bv3/files/output.log
2024-05-26 14:34:15,301 DEBUG   HandlerThread:137366 [handler.py:handle_request():158] handle_request: status_report
2024-05-26 14:34:20,301 DEBUG   HandlerThread:137366 [handler.py:handle_request():158] handle_request: status_report
2024-05-26 14:34:23,629 DEBUG   HandlerThread:137366 [handler.py:handle_request():158] handle_request: pause
2024-05-26 14:34:23,629 INFO    HandlerThread:137366 [handler.py:handle_request_pause():724] stopping system metrics thread
2024-05-26 14:34:23,630 INFO    HandlerThread:137366 [system_monitor.py:finish():203] Stopping system monitor
2024-05-26 14:34:23,630 INFO    HandlerThread:137366 [interfaces.py:finish():200] Joined cpu monitor
2024-05-26 14:34:23,630 INFO    HandlerThread:137366 [interfaces.py:finish():200] Joined disk monitor
2024-05-26 14:34:23,630 DEBUG   SystemMonitor:137366 [system_monitor.py:_start():179] Finished system metrics aggregation loop
2024-05-26 14:34:23,631 DEBUG   SystemMonitor:137366 [system_monitor.py:_start():183] Publishing last batch of metrics
2024-05-26 14:34:23,688 INFO    HandlerThread:137366 [interfaces.py:finish():200] Joined gpu monitor
2024-05-26 14:34:23,688 INFO    HandlerThread:137366 [interfaces.py:finish():200] Joined memory monitor
2024-05-26 14:34:23,694 INFO    HandlerThread:137366 [interfaces.py:finish():200] Joined network monitor
2024-05-26 14:34:23,695 DEBUG   SenderThread:137366 [sender.py:send():378] send: stats
2024-05-26 14:34:24,158 DEBUG   SenderThread:137366 [sender.py:send():378] send: exit
2024-05-26 14:34:24,159 INFO    SenderThread:137366 [sender.py:send_exit():585] handling exit code: 0
2024-05-26 14:34:24,159 INFO    SenderThread:137366 [sender.py:send_exit():587] handling runtime: 2410
2024-05-26 14:34:24,159 INFO    SenderThread:137366 [sender.py:_save_file():1389] saving file wandb-summary.json with policy end
2024-05-26 14:34:24,160 INFO    SenderThread:137366 [sender.py:send_exit():593] send defer
2024-05-26 14:34:24,160 DEBUG   HandlerThread:137366 [handler.py:handle_request():158] handle_request: defer
2024-05-26 14:34:24,160 INFO    HandlerThread:137366 [handler.py:handle_request_defer():184] handle defer: 0
2024-05-26 14:34:24,160 DEBUG   SenderThread:137366 [sender.py:send_request():405] send_request: defer
2024-05-26 14:34:24,160 INFO    SenderThread:137366 [sender.py:send_request_defer():609] handle sender defer: 0
2024-05-26 14:34:24,161 INFO    SenderThread:137366 [sender.py:transition_state():613] send defer: 1
2024-05-26 14:34:24,161 DEBUG   HandlerThread:137366 [handler.py:handle_request():158] handle_request: defer
2024-05-26 14:34:24,161 INFO    HandlerThread:137366 [handler.py:handle_request_defer():184] handle defer: 1
2024-05-26 14:34:24,161 DEBUG   SenderThread:137366 [sender.py:send_request():405] send_request: defer
2024-05-26 14:34:24,161 INFO    SenderThread:137366 [sender.py:send_request_defer():609] handle sender defer: 1
2024-05-26 14:34:24,161 INFO    SenderThread:137366 [sender.py:transition_state():613] send defer: 2
2024-05-26 14:34:24,161 DEBUG   HandlerThread:137366 [handler.py:handle_request():158] handle_request: defer
2024-05-26 14:34:24,161 INFO    HandlerThread:137366 [handler.py:handle_request_defer():184] handle defer: 2
2024-05-26 14:34:24,162 DEBUG   SenderThread:137366 [sender.py:send_request():405] send_request: defer
2024-05-26 14:34:24,162 INFO    SenderThread:137366 [sender.py:send_request_defer():609] handle sender defer: 2
2024-05-26 14:34:24,162 INFO    SenderThread:137366 [sender.py:transition_state():613] send defer: 3
2024-05-26 14:34:24,162 DEBUG   HandlerThread:137366 [handler.py:handle_request():158] handle_request: defer
2024-05-26 14:34:24,162 INFO    HandlerThread:137366 [handler.py:handle_request_defer():184] handle defer: 3
2024-05-26 14:34:24,162 DEBUG   SenderThread:137366 [sender.py:send_request():405] send_request: defer
2024-05-26 14:34:24,162 INFO    SenderThread:137366 [sender.py:send_request_defer():609] handle sender defer: 3
2024-05-26 14:34:24,162 INFO    SenderThread:137366 [sender.py:transition_state():613] send defer: 4
2024-05-26 14:34:24,162 DEBUG   HandlerThread:137366 [handler.py:handle_request():158] handle_request: defer
2024-05-26 14:34:24,162 INFO    HandlerThread:137366 [handler.py:handle_request_defer():184] handle defer: 4
2024-05-26 14:34:24,163 DEBUG   SenderThread:137366 [sender.py:send_request():405] send_request: defer
2024-05-26 14:34:24,163 INFO    SenderThread:137366 [sender.py:send_request_defer():609] handle sender defer: 4
2024-05-26 14:34:24,163 INFO    SenderThread:137366 [sender.py:transition_state():613] send defer: 5
2024-05-26 14:34:24,163 DEBUG   HandlerThread:137366 [handler.py:handle_request():158] handle_request: defer
2024-05-26 14:34:24,163 INFO    HandlerThread:137366 [handler.py:handle_request_defer():184] handle defer: 5
2024-05-26 14:34:24,163 DEBUG   SenderThread:137366 [sender.py:send():378] send: summary
2024-05-26 14:34:24,164 INFO    SenderThread:137366 [sender.py:_save_file():1389] saving file wandb-summary.json with policy end
2024-05-26 14:34:24,164 DEBUG   SenderThread:137366 [sender.py:send_request():405] send_request: defer
2024-05-26 14:34:24,164 INFO    SenderThread:137366 [sender.py:send_request_defer():609] handle sender defer: 5
2024-05-26 14:34:24,164 INFO    SenderThread:137366 [sender.py:transition_state():613] send defer: 6
2024-05-26 14:34:24,164 DEBUG   HandlerThread:137366 [handler.py:handle_request():158] handle_request: defer
2024-05-26 14:34:24,164 INFO    HandlerThread:137366 [handler.py:handle_request_defer():184] handle defer: 6
2024-05-26 14:34:24,165 DEBUG   SenderThread:137366 [sender.py:send_request():405] send_request: defer
2024-05-26 14:34:24,165 INFO    SenderThread:137366 [sender.py:send_request_defer():609] handle sender defer: 6
2024-05-26 14:34:24,165 INFO    SenderThread:137366 [sender.py:transition_state():613] send defer: 7
2024-05-26 14:34:24,165 DEBUG   HandlerThread:137366 [handler.py:handle_request():158] handle_request: status_report
2024-05-26 14:34:24,165 DEBUG   HandlerThread:137366 [handler.py:handle_request():158] handle_request: defer
2024-05-26 14:34:24,165 INFO    HandlerThread:137366 [handler.py:handle_request_defer():184] handle defer: 7
2024-05-26 14:34:24,165 DEBUG   SenderThread:137366 [sender.py:send_request():405] send_request: defer
2024-05-26 14:34:24,165 INFO    SenderThread:137366 [sender.py:send_request_defer():609] handle sender defer: 7
2024-05-26 14:34:24,341 INFO    Thread-12 :137366 [dir_watcher.py:_on_file_modified():288] file/dir modified: /home/inaki/host_data/wandb/run-20240526_135411-qjvw6bv3/files/output.log
2024-05-26 14:34:24,341 INFO    Thread-12 :137366 [dir_watcher.py:_on_file_created():271] file/dir created: /home/inaki/host_data/wandb/run-20240526_135411-qjvw6bv3/files/wandb-summary.json
2024-05-26 14:34:25,158 DEBUG   HandlerThread:137366 [handler.py:handle_request():158] handle_request: poll_exit
2024-05-26 14:34:27,260 INFO    SenderThread:137366 [sender.py:transition_state():613] send defer: 8
2024-05-26 14:34:27,261 DEBUG   SenderThread:137366 [sender.py:send_request():405] send_request: poll_exit
2024-05-26 14:34:27,261 DEBUG   HandlerThread:137366 [handler.py:handle_request():158] handle_request: defer
2024-05-26 14:34:27,261 INFO    HandlerThread:137366 [handler.py:handle_request_defer():184] handle defer: 8
2024-05-26 14:34:27,262 DEBUG   SenderThread:137366 [sender.py:send_request():405] send_request: defer
2024-05-26 14:34:27,262 INFO    SenderThread:137366 [sender.py:send_request_defer():609] handle sender defer: 8
2024-05-26 14:34:27,262 INFO    SenderThread:137366 [job_builder.py:build():432] Attempting to build job artifact
2024-05-26 14:34:27,262 INFO    SenderThread:137366 [job_builder.py:_get_source_type():576] no source found
2024-05-26 14:34:27,262 INFO    SenderThread:137366 [sender.py:transition_state():613] send defer: 9
2024-05-26 14:34:27,263 DEBUG   HandlerThread:137366 [handler.py:handle_request():158] handle_request: defer
2024-05-26 14:34:27,263 INFO    HandlerThread:137366 [handler.py:handle_request_defer():184] handle defer: 9
2024-05-26 14:34:27,263 DEBUG   SenderThread:137366 [sender.py:send_request():405] send_request: defer
2024-05-26 14:34:27,263 INFO    SenderThread:137366 [sender.py:send_request_defer():609] handle sender defer: 9
2024-05-26 14:34:27,263 INFO    SenderThread:137366 [dir_watcher.py:finish():358] shutting down directory watcher
2024-05-26 14:34:27,342 INFO    Thread-12 :137366 [dir_watcher.py:_on_file_modified():288] file/dir modified: /home/inaki/host_data/wandb/run-20240526_135411-qjvw6bv3/files/output.log
2024-05-26 14:34:27,342 INFO    SenderThread:137366 [dir_watcher.py:finish():388] scan: /home/inaki/host_data/wandb/run-20240526_135411-qjvw6bv3/files
2024-05-26 14:34:27,343 INFO    SenderThread:137366 [dir_watcher.py:finish():402] scan save: /home/inaki/host_data/wandb/run-20240526_135411-qjvw6bv3/files/config.yaml config.yaml
2024-05-26 14:34:27,343 INFO    SenderThread:137366 [dir_watcher.py:finish():402] scan save: /home/inaki/host_data/wandb/run-20240526_135411-qjvw6bv3/files/wandb-summary.json wandb-summary.json
2024-05-26 14:34:27,343 INFO    SenderThread:137366 [dir_watcher.py:finish():402] scan save: /home/inaki/host_data/wandb/run-20240526_135411-qjvw6bv3/files/wandb-metadata.json wandb-metadata.json
2024-05-26 14:34:27,343 INFO    SenderThread:137366 [dir_watcher.py:finish():402] scan save: /home/inaki/host_data/wandb/run-20240526_135411-qjvw6bv3/files/output.log output.log
2024-05-26 14:34:27,350 INFO    SenderThread:137366 [dir_watcher.py:finish():402] scan save: /home/inaki/host_data/wandb/run-20240526_135411-qjvw6bv3/files/requirements.txt requirements.txt
2024-05-26 14:34:27,351 INFO    SenderThread:137366 [sender.py:transition_state():613] send defer: 10
2024-05-26 14:34:27,354 DEBUG   HandlerThread:137366 [handler.py:handle_request():158] handle_request: defer
2024-05-26 14:34:27,357 INFO    HandlerThread:137366 [handler.py:handle_request_defer():184] handle defer: 10
2024-05-26 14:34:27,357 DEBUG   SenderThread:137366 [sender.py:send_request():405] send_request: defer
2024-05-26 14:34:27,358 INFO    SenderThread:137366 [sender.py:send_request_defer():609] handle sender defer: 10
2024-05-26 14:34:27,358 INFO    SenderThread:137366 [file_pusher.py:finish():169] shutting down file pusher
2024-05-26 14:34:27,492 ERROR   wandb-upload_0:137366 [internal_api.py:execute():344] 404 response executing GraphQL.
2024-05-26 14:34:27,492 ERROR   wandb-upload_0:137366 [internal_api.py:execute():345] {"errors":[{"message":"run Ensemble_baseline/qjvw6bv3 not found during createRunFiles","path":["createRunFiles"]}],"data":{"createRunFiles":null}}
2024-05-26 14:34:27,492 ERROR   Thread-11 (_thread_body):137366 [step_upload.py:_handle_event():144] Failed to upload file: /home/inaki/host_data/wandb/run-20240526_135411-qjvw6bv3/files/config.yaml
Traceback (most recent call last):
  File "/usr/local/lib/python3.10/dist-packages/wandb/sdk/internal/internal_api.py", line 340, in execute
    return self.client.execute(*args, **kwargs)  # type: ignore
  File "/usr/local/lib/python3.10/dist-packages/wandb/vendor/gql-0.2.0/wandb_gql/client.py", line 52, in execute
    result = self._get_result(document, *args, **kwargs)
  File "/usr/local/lib/python3.10/dist-packages/wandb/vendor/gql-0.2.0/wandb_gql/client.py", line 60, in _get_result
    return self.transport.execute(document, *args, **kwargs)
  File "/usr/local/lib/python3.10/dist-packages/wandb/sdk/lib/gql_request.py", line 59, in execute
    request.raise_for_status()
  File "/usr/local/lib/python3.10/dist-packages/requests/models.py", line 1024, in raise_for_status
    raise HTTPError(http_error_msg, response=self)
requests.exceptions.HTTPError: 404 Client Error: Not Found for url: https://api.wandb.ai/graphql

During handling of the above exception, another exception occurred:

Traceback (most recent call last):
  File "/usr/local/lib/python3.10/dist-packages/wandb/apis/normalize.py", line 41, in wrapper
    return func(*args, **kwargs)
  File "/usr/local/lib/python3.10/dist-packages/wandb/sdk/internal/internal_api.py", line 2357, in upload_urls
    query_result = self.gql(
  File "/usr/local/lib/python3.10/dist-packages/wandb/sdk/internal/internal_api.py", line 312, in gql
    ret = self._retry_gql(
  File "/usr/local/lib/python3.10/dist-packages/wandb/sdk/lib/retry.py", line 131, in __call__
    result = self._call_fn(*args, **kwargs)
  File "/usr/local/lib/python3.10/dist-packages/wandb/sdk/internal/internal_api.py", line 347, in execute
    wandb.termerror(f"Error while calling W&B API: {error} ({response})")
  File "/usr/local/lib/python3.10/dist-packages/wandb/errors/term.py", line 64, in termerror
    _log(
  File "/usr/local/lib/python3.10/dist-packages/wandb/errors/term.py", line 103, in _log
    click.echo(line, file=sys.stderr, nl=newline)
  File "/usr/local/lib/python3.10/dist-packages/click/utils.py", line 318, in echo
    file.write(out)  # type: ignore
BrokenPipeError: [Errno 32] Broken pipe

During handling of the above exception, another exception occurred:

Traceback (most recent call last):
  File "/usr/lib/python3.10/concurrent/futures/thread.py", line 58, in run
    result = self.fn(*self.args, **self.kwargs)
  File "/usr/local/lib/python3.10/dist-packages/wandb/filesync/step_upload.py", line 223, in run_and_notify
    self._do_upload(event)
  File "/usr/local/lib/python3.10/dist-packages/wandb/filesync/step_upload.py", line 243, in _do_upload
    job.run()
  File "/usr/local/lib/python3.10/dist-packages/wandb/filesync/upload_job.py", line 56, in run
    self.push()
  File "/usr/local/lib/python3.10/dist-packages/wandb/filesync/upload_job.py", line 105, in push
    _, upload_headers, result = self._api.upload_urls(project, [self.save_name])
  File "/usr/local/lib/python3.10/dist-packages/wandb/apis/normalize.py", line 87, in wrapper
    raise CommError(message, err).with_traceback(sys.exc_info()[2])
  File "/usr/local/lib/python3.10/dist-packages/wandb/apis/normalize.py", line 41, in wrapper
    return func(*args, **kwargs)
  File "/usr/local/lib/python3.10/dist-packages/wandb/sdk/internal/internal_api.py", line 2357, in upload_urls
    query_result = self.gql(
  File "/usr/local/lib/python3.10/dist-packages/wandb/sdk/internal/internal_api.py", line 312, in gql
    ret = self._retry_gql(
  File "/usr/local/lib/python3.10/dist-packages/wandb/sdk/lib/retry.py", line 131, in __call__
    result = self._call_fn(*args, **kwargs)
  File "/usr/local/lib/python3.10/dist-packages/wandb/sdk/internal/internal_api.py", line 347, in execute
    wandb.termerror(f"Error while calling W&B API: {error} ({response})")
  File "/usr/local/lib/python3.10/dist-packages/wandb/errors/term.py", line 64, in termerror
    _log(
  File "/usr/local/lib/python3.10/dist-packages/wandb/errors/term.py", line 103, in _log
    click.echo(line, file=sys.stderr, nl=newline)
  File "/usr/local/lib/python3.10/dist-packages/click/utils.py", line 318, in echo
    file.write(out)  # type: ignore
wandb.errors.CommError: [Errno 32] Broken pipe
2024-05-26 14:34:27,525 ERROR   wandb-upload_2:137366 [internal_api.py:execute():344] 404 response executing GraphQL.
2024-05-26 14:34:27,525 ERROR   wandb-upload_2:137366 [internal_api.py:execute():345] {"errors":[{"message":"run Ensemble_baseline/qjvw6bv3 not found during createRunFiles","path":["createRunFiles"]}],"data":{"createRunFiles":null}}
2024-05-26 14:34:27,526 ERROR   Thread-11 (_thread_body):137366 [step_upload.py:_handle_event():144] Failed to upload file: /home/inaki/host_data/wandb/run-20240526_135411-qjvw6bv3/files/output.log
Traceback (most recent call last):
  File "/usr/local/lib/python3.10/dist-packages/wandb/sdk/internal/internal_api.py", line 340, in execute
    return self.client.execute(*args, **kwargs)  # type: ignore
  File "/usr/local/lib/python3.10/dist-packages/wandb/vendor/gql-0.2.0/wandb_gql/client.py", line 52, in execute
    result = self._get_result(document, *args, **kwargs)
  File "/usr/local/lib/python3.10/dist-packages/wandb/vendor/gql-0.2.0/wandb_gql/client.py", line 60, in _get_result
    return self.transport.execute(document, *args, **kwargs)
  File "/usr/local/lib/python3.10/dist-packages/wandb/sdk/lib/gql_request.py", line 59, in execute
    request.raise_for_status()
  File "/usr/local/lib/python3.10/dist-packages/requests/models.py", line 1024, in raise_for_status
    raise HTTPError(http_error_msg, response=self)
requests.exceptions.HTTPError: 404 Client Error: Not Found for url: https://api.wandb.ai/graphql

During handling of the above exception, another exception occurred:

Traceback (most recent call last):
  File "/usr/local/lib/python3.10/dist-packages/wandb/apis/normalize.py", line 41, in wrapper
    return func(*args, **kwargs)
  File "/usr/local/lib/python3.10/dist-packages/wandb/sdk/internal/internal_api.py", line 2357, in upload_urls
    query_result = self.gql(
  File "/usr/local/lib/python3.10/dist-packages/wandb/sdk/internal/internal_api.py", line 312, in gql
    ret = self._retry_gql(
  File "/usr/local/lib/python3.10/dist-packages/wandb/sdk/lib/retry.py", line 131, in __call__
    result = self._call_fn(*args, **kwargs)
  File "/usr/local/lib/python3.10/dist-packages/wandb/sdk/internal/internal_api.py", line 347, in execute
    wandb.termerror(f"Error while calling W&B API: {error} ({response})")
  File "/usr/local/lib/python3.10/dist-packages/wandb/errors/term.py", line 64, in termerror
    _log(
  File "/usr/local/lib/python3.10/dist-packages/wandb/errors/term.py", line 103, in _log
    click.echo(line, file=sys.stderr, nl=newline)
  File "/usr/local/lib/python3.10/dist-packages/click/utils.py", line 318, in echo
    file.write(out)  # type: ignore
BrokenPipeError: [Errno 32] Broken pipe

During handling of the above exception, another exception occurred:

Traceback (most recent call last):
  File "/usr/lib/python3.10/concurrent/futures/thread.py", line 58, in run
    result = self.fn(*self.args, **self.kwargs)
  File "/usr/local/lib/python3.10/dist-packages/wandb/filesync/step_upload.py", line 223, in run_and_notify
    self._do_upload(event)
  File "/usr/local/lib/python3.10/dist-packages/wandb/filesync/step_upload.py", line 243, in _do_upload
    job.run()
  File "/usr/local/lib/python3.10/dist-packages/wandb/filesync/upload_job.py", line 56, in run
    self.push()
  File "/usr/local/lib/python3.10/dist-packages/wandb/filesync/upload_job.py", line 105, in push
    _, upload_headers, result = self._api.upload_urls(project, [self.save_name])
  File "/usr/local/lib/python3.10/dist-packages/wandb/apis/normalize.py", line 87, in wrapper
    raise CommError(message, err).with_traceback(sys.exc_info()[2])
  File "/usr/local/lib/python3.10/dist-packages/wandb/apis/normalize.py", line 41, in wrapper
    return func(*args, **kwargs)
  File "/usr/local/lib/python3.10/dist-packages/wandb/sdk/internal/internal_api.py", line 2357, in upload_urls
    query_result = self.gql(
  File "/usr/local/lib/python3.10/dist-packages/wandb/sdk/internal/internal_api.py", line 312, in gql
    ret = self._retry_gql(
  File "/usr/local/lib/python3.10/dist-packages/wandb/sdk/lib/retry.py", line 131, in __call__
    result = self._call_fn(*args, **kwargs)
  File "/usr/local/lib/python3.10/dist-packages/wandb/sdk/internal/internal_api.py", line 347, in execute
    wandb.termerror(f"Error while calling W&B API: {error} ({response})")
  File "/usr/local/lib/python3.10/dist-packages/wandb/errors/term.py", line 64, in termerror
    _log(
  File "/usr/local/lib/python3.10/dist-packages/wandb/errors/term.py", line 103, in _log
    click.echo(line, file=sys.stderr, nl=newline)
  File "/usr/local/lib/python3.10/dist-packages/click/utils.py", line 318, in echo
    file.write(out)  # type: ignore
wandb.errors.CommError: [Errno 32] Broken pipe
2024-05-26 14:34:27,529 ERROR   wandb-upload_3:137366 [internal_api.py:execute():344] 404 response executing GraphQL.
2024-05-26 14:34:27,529 ERROR   wandb-upload_3:137366 [internal_api.py:execute():345] {"errors":[{"message":"run Ensemble_baseline/qjvw6bv3 not found during createRunFiles","path":["createRunFiles"]}],"data":{"createRunFiles":null}}
2024-05-26 14:34:27,529 ERROR   Thread-11 (_thread_body):137366 [step_upload.py:_handle_event():144] Failed to upload file: /home/inaki/host_data/wandb/run-20240526_135411-qjvw6bv3/files/requirements.txt
Traceback (most recent call last):
  File "/usr/local/lib/python3.10/dist-packages/wandb/sdk/internal/internal_api.py", line 340, in execute
    return self.client.execute(*args, **kwargs)  # type: ignore
  File "/usr/local/lib/python3.10/dist-packages/wandb/vendor/gql-0.2.0/wandb_gql/client.py", line 52, in execute
    result = self._get_result(document, *args, **kwargs)
  File "/usr/local/lib/python3.10/dist-packages/wandb/vendor/gql-0.2.0/wandb_gql/client.py", line 60, in _get_result
    return self.transport.execute(document, *args, **kwargs)
  File "/usr/local/lib/python3.10/dist-packages/wandb/sdk/lib/gql_request.py", line 59, in execute
    request.raise_for_status()
  File "/usr/local/lib/python3.10/dist-packages/requests/models.py", line 1024, in raise_for_status
    raise HTTPError(http_error_msg, response=self)
requests.exceptions.HTTPError: 404 Client Error: Not Found for url: https://api.wandb.ai/graphql

During handling of the above exception, another exception occurred:

Traceback (most recent call last):
  File "/usr/local/lib/python3.10/dist-packages/wandb/apis/normalize.py", line 41, in wrapper
    return func(*args, **kwargs)
  File "/usr/local/lib/python3.10/dist-packages/wandb/sdk/internal/internal_api.py", line 2357, in upload_urls
    query_result = self.gql(
  File "/usr/local/lib/python3.10/dist-packages/wandb/sdk/internal/internal_api.py", line 312, in gql
    ret = self._retry_gql(
  File "/usr/local/lib/python3.10/dist-packages/wandb/sdk/lib/retry.py", line 131, in __call__
    result = self._call_fn(*args, **kwargs)
  File "/usr/local/lib/python3.10/dist-packages/wandb/sdk/internal/internal_api.py", line 347, in execute
    wandb.termerror(f"Error while calling W&B API: {error} ({response})")
  File "/usr/local/lib/python3.10/dist-packages/wandb/errors/term.py", line 64, in termerror
    _log(
  File "/usr/local/lib/python3.10/dist-packages/wandb/errors/term.py", line 103, in _log
    click.echo(line, file=sys.stderr, nl=newline)
  File "/usr/local/lib/python3.10/dist-packages/click/utils.py", line 318, in echo
    file.write(out)  # type: ignore
BrokenPipeError: [Errno 32] Broken pipe

During handling of the above exception, another exception occurred:

Traceback (most recent call last):
  File "/usr/lib/python3.10/concurrent/futures/thread.py", line 58, in run
    result = self.fn(*self.args, **self.kwargs)
  File "/usr/local/lib/python3.10/dist-packages/wandb/filesync/step_upload.py", line 223, in run_and_notify
    self._do_upload(event)
  File "/usr/local/lib/python3.10/dist-packages/wandb/filesync/step_upload.py", line 243, in _do_upload
    job.run()
  File "/usr/local/lib/python3.10/dist-packages/wandb/filesync/upload_job.py", line 56, in run
    self.push()
  File "/usr/local/lib/python3.10/dist-packages/wandb/filesync/upload_job.py", line 105, in push
    _, upload_headers, result = self._api.upload_urls(project, [self.save_name])
  File "/usr/local/lib/python3.10/dist-packages/wandb/apis/normalize.py", line 87, in wrapper
    raise CommError(message, err).with_traceback(sys.exc_info()[2])
  File "/usr/local/lib/python3.10/dist-packages/wandb/apis/normalize.py", line 41, in wrapper
    return func(*args, **kwargs)
  File "/usr/local/lib/python3.10/dist-packages/wandb/sdk/internal/internal_api.py", line 2357, in upload_urls
    query_result = self.gql(
  File "/usr/local/lib/python3.10/dist-packages/wandb/sdk/internal/internal_api.py", line 312, in gql
    ret = self._retry_gql(
  File "/usr/local/lib/python3.10/dist-packages/wandb/sdk/lib/retry.py", line 131, in __call__
    result = self._call_fn(*args, **kwargs)
  File "/usr/local/lib/python3.10/dist-packages/wandb/sdk/internal/internal_api.py", line 347, in execute
    wandb.termerror(f"Error while calling W&B API: {error} ({response})")
  File "/usr/local/lib/python3.10/dist-packages/wandb/errors/term.py", line 64, in termerror
    _log(
  File "/usr/local/lib/python3.10/dist-packages/wandb/errors/term.py", line 103, in _log
    click.echo(line, file=sys.stderr, nl=newline)
  File "/usr/local/lib/python3.10/dist-packages/click/utils.py", line 318, in echo
    file.write(out)  # type: ignore
wandb.errors.CommError: [Errno 32] Broken pipe
2024-05-26 14:34:27,544 ERROR   wandb-upload_1:137366 [internal_api.py:execute():344] 404 response executing GraphQL.
2024-05-26 14:34:27,544 ERROR   wandb-upload_1:137366 [internal_api.py:execute():345] {"errors":[{"message":"run Ensemble_baseline/qjvw6bv3 not found during createRunFiles","path":["createRunFiles"]}],"data":{"createRunFiles":null}}
2024-05-26 14:34:27,544 ERROR   Thread-11 (_thread_body):137366 [step_upload.py:_handle_event():144] Failed to upload file: /home/inaki/host_data/wandb/run-20240526_135411-qjvw6bv3/files/wandb-summary.json
Traceback (most recent call last):
  File "/usr/local/lib/python3.10/dist-packages/wandb/sdk/internal/internal_api.py", line 340, in execute
    return self.client.execute(*args, **kwargs)  # type: ignore
  File "/usr/local/lib/python3.10/dist-packages/wandb/vendor/gql-0.2.0/wandb_gql/client.py", line 52, in execute
    result = self._get_result(document, *args, **kwargs)
  File "/usr/local/lib/python3.10/dist-packages/wandb/vendor/gql-0.2.0/wandb_gql/client.py", line 60, in _get_result
    return self.transport.execute(document, *args, **kwargs)
  File "/usr/local/lib/python3.10/dist-packages/wandb/sdk/lib/gql_request.py", line 59, in execute
    request.raise_for_status()
  File "/usr/local/lib/python3.10/dist-packages/requests/models.py", line 1024, in raise_for_status
    raise HTTPError(http_error_msg, response=self)
requests.exceptions.HTTPError: 404 Client Error: Not Found for url: https://api.wandb.ai/graphql

During handling of the above exception, another exception occurred:

Traceback (most recent call last):
  File "/usr/local/lib/python3.10/dist-packages/wandb/apis/normalize.py", line 41, in wrapper
    return func(*args, **kwargs)
  File "/usr/local/lib/python3.10/dist-packages/wandb/sdk/internal/internal_api.py", line 2357, in upload_urls
    query_result = self.gql(
  File "/usr/local/lib/python3.10/dist-packages/wandb/sdk/internal/internal_api.py", line 312, in gql
    ret = self._retry_gql(
  File "/usr/local/lib/python3.10/dist-packages/wandb/sdk/lib/retry.py", line 131, in __call__
    result = self._call_fn(*args, **kwargs)
  File "/usr/local/lib/python3.10/dist-packages/wandb/sdk/internal/internal_api.py", line 347, in execute
    wandb.termerror(f"Error while calling W&B API: {error} ({response})")
  File "/usr/local/lib/python3.10/dist-packages/wandb/errors/term.py", line 64, in termerror
    _log(
  File "/usr/local/lib/python3.10/dist-packages/wandb/errors/term.py", line 103, in _log
    click.echo(line, file=sys.stderr, nl=newline)
  File "/usr/local/lib/python3.10/dist-packages/click/utils.py", line 318, in echo
    file.write(out)  # type: ignore
BrokenPipeError: [Errno 32] Broken pipe

During handling of the above exception, another exception occurred:

Traceback (most recent call last):
  File "/usr/lib/python3.10/concurrent/futures/thread.py", line 58, in run
    result = self.fn(*self.args, **self.kwargs)
  File "/usr/local/lib/python3.10/dist-packages/wandb/filesync/step_upload.py", line 223, in run_and_notify
    self._do_upload(event)
  File "/usr/local/lib/python3.10/dist-packages/wandb/filesync/step_upload.py", line 243, in _do_upload
    job.run()
  File "/usr/local/lib/python3.10/dist-packages/wandb/filesync/upload_job.py", line 56, in run
    self.push()
  File "/usr/local/lib/python3.10/dist-packages/wandb/filesync/upload_job.py", line 105, in push
    _, upload_headers, result = self._api.upload_urls(project, [self.save_name])
  File "/usr/local/lib/python3.10/dist-packages/wandb/apis/normalize.py", line 87, in wrapper
    raise CommError(message, err).with_traceback(sys.exc_info()[2])
  File "/usr/local/lib/python3.10/dist-packages/wandb/apis/normalize.py", line 41, in wrapper
    return func(*args, **kwargs)
  File "/usr/local/lib/python3.10/dist-packages/wandb/sdk/internal/internal_api.py", line 2357, in upload_urls
    query_result = self.gql(
  File "/usr/local/lib/python3.10/dist-packages/wandb/sdk/internal/internal_api.py", line 312, in gql
    ret = self._retry_gql(
  File "/usr/local/lib/python3.10/dist-packages/wandb/sdk/lib/retry.py", line 131, in __call__
    result = self._call_fn(*args, **kwargs)
  File "/usr/local/lib/python3.10/dist-packages/wandb/sdk/internal/internal_api.py", line 347, in execute
    wandb.termerror(f"Error while calling W&B API: {error} ({response})")
  File "/usr/local/lib/python3.10/dist-packages/wandb/errors/term.py", line 64, in termerror
    _log(
  File "/usr/local/lib/python3.10/dist-packages/wandb/errors/term.py", line 103, in _log
    click.echo(line, file=sys.stderr, nl=newline)
  File "/usr/local/lib/python3.10/dist-packages/click/utils.py", line 318, in echo
    file.write(out)  # type: ignore
wandb.errors.CommError: [Errno 32] Broken pipe
2024-05-26 14:34:27,745 INFO    Thread-11 (_thread_body):137366 [sender.py:transition_state():613] send defer: 11
2024-05-26 14:34:27,745 DEBUG   HandlerThread:137366 [handler.py:handle_request():158] handle_request: defer
2024-05-26 14:34:27,746 INFO    HandlerThread:137366 [handler.py:handle_request_defer():184] handle defer: 11
2024-05-26 14:34:27,746 DEBUG   SenderThread:137366 [sender.py:send_request():405] send_request: defer
2024-05-26 14:34:27,746 INFO    SenderThread:137366 [sender.py:send_request_defer():609] handle sender defer: 11
2024-05-26 14:34:27,746 INFO    SenderThread:137366 [file_pusher.py:join():175] waiting for file pusher
2024-05-26 14:34:27,747 INFO    SenderThread:137366 [sender.py:transition_state():613] send defer: 12
2024-05-26 14:34:27,747 DEBUG   HandlerThread:137366 [handler.py:handle_request():158] handle_request: defer
2024-05-26 14:34:27,747 INFO    HandlerThread:137366 [handler.py:handle_request_defer():184] handle defer: 12
2024-05-26 14:34:27,747 DEBUG   SenderThread:137366 [sender.py:send_request():405] send_request: defer
2024-05-26 14:34:27,747 INFO    SenderThread:137366 [sender.py:send_request_defer():609] handle sender defer: 12
2024-05-26 14:34:27,747 INFO    SenderThread:137366 [file_stream.py:finish():601] file stream finish called
2024-05-26 14:34:27,876 ERROR   FileStreamThread:137366 [file_stream.py:_thread_except_body():500] generic exception in filestream thread
Traceback (most recent call last):
  File "/usr/local/lib/python3.10/dist-packages/wandb/sdk/internal/file_stream.py", line 496, in _thread_except_body
    self._thread_body()
  File "/usr/local/lib/python3.10/dist-packages/wandb/sdk/internal/file_stream.py", line 452, in _thread_body
    success = self._send(ready_chunks, uploaded=uploaded)
  File "/usr/local/lib/python3.10/dist-packages/wandb/sdk/internal/file_stream.py", line 541, in _send
    self._handle_response(
  File "/usr/local/lib/python3.10/dist-packages/wandb/sdk/internal/file_stream.py", line 507, in _handle_response
    wandb.termerror(
  File "/usr/local/lib/python3.10/dist-packages/wandb/errors/term.py", line 64, in termerror
    _log(
  File "/usr/local/lib/python3.10/dist-packages/wandb/errors/term.py", line 103, in _log
    click.echo(line, file=sys.stderr, nl=newline)
  File "/usr/local/lib/python3.10/dist-packages/click/utils.py", line 318, in echo
    file.write(out)  # type: ignore
BrokenPipeError: [Errno 32] Broken pipe
2024-05-26 14:34:28,076 INFO    SenderThread:137366 [file_stream.py:finish():605] file stream finish is done
2024-05-26 14:34:28,076 ERROR   SenderThread:137366 [file_stream.py:finish():607] FileStream exception
Traceback (most recent call last):
  File "/usr/local/lib/python3.10/dist-packages/wandb/sdk/internal/file_stream.py", line 496, in _thread_except_body
    self._thread_body()
  File "/usr/local/lib/python3.10/dist-packages/wandb/sdk/internal/file_stream.py", line 452, in _thread_body
    success = self._send(ready_chunks, uploaded=uploaded)
  File "/usr/local/lib/python3.10/dist-packages/wandb/sdk/internal/file_stream.py", line 541, in _send
    self._handle_response(
  File "/usr/local/lib/python3.10/dist-packages/wandb/sdk/internal/file_stream.py", line 507, in _handle_response
    wandb.termerror(
  File "/usr/local/lib/python3.10/dist-packages/wandb/errors/term.py", line 64, in termerror
    _log(
  File "/usr/local/lib/python3.10/dist-packages/wandb/errors/term.py", line 103, in _log
    click.echo(line, file=sys.stderr, nl=newline)
  File "/usr/local/lib/python3.10/dist-packages/click/utils.py", line 318, in echo
    file.write(out)  # type: ignore
BrokenPipeError: [Errno 32] Broken pipe
2024-05-26 14:34:28,160 DEBUG   HandlerThread:137366 [handler.py:handle_request():158] handle_request: poll_exit
2024-05-26 14:34:28,160 INFO    HandlerThread:137366 [handler.py:finish():882] shutting down handler
2024-05-26 14:34:28,161 INFO    WriterThread:137366 [datastore.py:close():296] close: /home/inaki/host_data/wandb/run-20240526_135411-qjvw6bv3/run-qjvw6bv3.wandb
2024-05-26 14:34:28,427 ERROR   StreamThr :137366 [internal.py:wandb_internal():173] Thread SenderThread:
Traceback (most recent call last):
  File "/usr/local/lib/python3.10/dist-packages/wandb/sdk/internal/internal_util.py", line 48, in run
    self._run()
  File "/usr/local/lib/python3.10/dist-packages/wandb/sdk/internal/internal_util.py", line 99, in _run
    self._process(record)
  File "/usr/local/lib/python3.10/dist-packages/wandb/sdk/internal/internal.py", line 327, in _process
    self._sm.send(record)
  File "/usr/local/lib/python3.10/dist-packages/wandb/sdk/internal/sender.py", line 385, in send
    send_handler(record)
  File "/usr/local/lib/python3.10/dist-packages/wandb/sdk/internal/sender.py", line 407, in send_request
    send_handler(record)
  File "/usr/local/lib/python3.10/dist-packages/wandb/sdk/internal/sender.py", line 664, in send_request_defer
    self._fs.finish(self._exit_code)
  File "/usr/local/lib/python3.10/dist-packages/wandb/sdk/internal/file_stream.py", line 610, in finish
    raise self._exc_info[1].with_traceback(self._exc_info[2])
  File "/usr/local/lib/python3.10/dist-packages/wandb/sdk/internal/file_stream.py", line 496, in _thread_except_body
    self._thread_body()
  File "/usr/local/lib/python3.10/dist-packages/wandb/sdk/internal/file_stream.py", line 452, in _thread_body
    success = self._send(ready_chunks, uploaded=uploaded)
  File "/usr/local/lib/python3.10/dist-packages/wandb/sdk/internal/file_stream.py", line 541, in _send
    self._handle_response(
  File "/usr/local/lib/python3.10/dist-packages/wandb/sdk/internal/file_stream.py", line 507, in _handle_response
    wandb.termerror(
  File "/usr/local/lib/python3.10/dist-packages/wandb/errors/term.py", line 64, in termerror
    _log(
  File "/usr/local/lib/python3.10/dist-packages/wandb/errors/term.py", line 103, in _log
    click.echo(line, file=sys.stderr, nl=newline)
  File "/usr/local/lib/python3.10/dist-packages/click/utils.py", line 318, in echo
    file.write(out)  # type: ignore
BrokenPipeError: [Errno 32] Broken pipe
